<?xml version="1.0" encoding="UTF-8"?>
<coverage generated="1786674689023" clover="3.2.0">
  <project timestamp="1786674689023" name="All files">
    <metrics statements="991" coveredstatements="958" conditionals="582" coveredconditionals="551" methods="250" coveredmethods="249" elements="1823" coveredelements="1758" complexity="0" loc="991" ncloc="991" packages="5" files="25" classes="25"/>
    <package name="domain.money">
      <metrics statements="133" coveredstatements="130" conditionals="81" coveredconditionals="78" methods="42" coveredmethods="42"/>
      <file name="allocate.ts" path="C:\Users\abina\Desktop\Local-ERP\coffer\src\main\domain\money\allocate.ts">
        <metrics statements="40" coveredstatements="37" conditionals="30" coveredconditionals="27" methods="7" coveredmethods="7"/>
        <line num="39" count="6" type="stmt"/>
        <line num="51" count="225" type="cond" truecount="4" falsecount="0"/>
        <line num="52" count="6" type="stmt"/>
        <line num="57" count="219" type="stmt"/>
        <line num="73" count="579" type="cond" truecount="2" falsecount="0"/>
        <line num="75" count="579" type="cond" truecount="2" falsecount="0"/>
        <line num="76" count="1" type="stmt"/>
        <line num="79" count="578" type="stmt"/>
        <line num="80" count="3437" type="stmt"/>
        <line num="81" count="3437" type="cond" truecount="1" falsecount="1"/>
        <line num="82" count="0" type="stmt"/>
        <line num="87" count="3437" type="cond" truecount="4" falsecount="0"/>
        <line num="88" count="1" type="stmt"/>
        <line num="93" count="3436" type="stmt"/>
        <line num="96" count="578" type="stmt"/>
        <line num="97" count="578" type="cond" truecount="2" falsecount="0"/>
        <line num="98" count="1" type="stmt"/>
        <line num="104" count="576" type="stmt"/>
        <line num="105" count="576" type="stmt"/>
        <line num="106" count="576" type="stmt"/>
        <line num="108" count="576" type="stmt"/>
        <line num="109" count="576" type="stmt"/>
        <line num="111" count="576" type="stmt"/>
        <line num="112" count="3430" type="stmt"/>
        <line num="114" count="3430" type="stmt"/>
        <line num="115" count="3430" type="stmt"/>
        <line num="116" count="3430" type="stmt"/>
        <line num="119" count="576" type="stmt"/>
        <line num="120" count="576" type="stmt"/>
        <line num="122" count="576" type="cond" truecount="3" falsecount="1"/>
        <line num="124" count="0" type="stmt"/>
        <line num="131" count="575" type="stmt"/>
        <line num="132" count="2861" type="cond" truecount="2" falsecount="0"/>
        <line num="134" count="575" type="cond" truecount="2" falsecount="0"/>
        <line num="135" count="760" type="stmt"/>
        <line num="137" count="579" type="stmt"/>
        <line num="138" count="3430" type="cond" truecount="2" falsecount="0"/>
        <line num="141" count="579" type="cond" truecount="1" falsecount="1"/>
        <line num="143" count="0" type="stmt"/>
        <line num="149" count="575" type="stmt"/>
      </file>
      <file name="arithmetic.ts" path="C:\Users\abina\Desktop\Local-ERP\coffer\src\main\domain\money\arithmetic.ts">
        <metrics statements="20" coveredstatements="20" conditionals="6" coveredconditionals="6" methods="10" coveredmethods="10"/>
        <line num="21" count="2851" type="stmt"/>
        <line num="22" count="2851" type="stmt"/>
        <line num="23" count="12717" type="stmt"/>
        <line num="25" count="2850" type="stmt"/>
        <line num="30" count="2" type="stmt"/>
        <line num="35" count="2" type="stmt"/>
        <line num="40" count="18" type="stmt"/>
        <line num="45" count="47" type="stmt"/>
        <line num="50" count="5" type="stmt"/>
        <line num="51" count="5" type="stmt"/>
        <line num="52" count="5" type="cond" truecount="2" falsecount="0"/>
        <line num="57" count="5" type="stmt"/>
        <line num="58" count="5" type="stmt"/>
        <line num="59" count="5" type="cond" truecount="2" falsecount="0"/>
        <line num="64" count="3" type="stmt"/>
        <line num="79" count="463" type="stmt"/>
        <line num="88" count="4" type="stmt"/>
        <line num="89" count="4" type="cond" truecount="2" falsecount="0"/>
        <line num="90" count="1" type="stmt"/>
        <line num="92" count="3" type="stmt"/>
      </file>
      <file name="decimal.ts" path="C:\Users\abina\Desktop\Local-ERP\coffer\src\main\domain\money\decimal.ts">
        <metrics statements="36" coveredstatements="36" conditionals="28" coveredconditionals="28" methods="7" coveredmethods="7"/>
        <line num="31" count="10" type="stmt"/>
        <line num="37" count="10" type="stmt"/>
        <line num="75" count="79" type="stmt"/>
        <line num="76" count="79" type="stmt"/>
        <line num="77" count="79" type="stmt"/>
        <line num="88" count="10" type="stmt"/>
        <line num="92" count="825" type="cond" truecount="2" falsecount="0"/>
        <line num="97" count="16448" type="stmt"/>
        <line num="109" count="22381" type="cond" truecount="2" falsecount="0"/>
        <line num="110" count="3079" type="cond" truecount="2" falsecount="0"/>
        <line num="111" count="12" type="stmt"/>
        <line num="116" count="3067" type="stmt"/>
        <line num="119" count="19302" type="cond" truecount="2" falsecount="0"/>
        <line num="120" count="2857" type="cond" truecount="2" falsecount="0"/>
        <line num="121" count="2" type="stmt"/>
        <line num="123" count="2855" type="cond" truecount="2" falsecount="0"/>
        <line num="124" count="6" type="stmt"/>
        <line num="129" count="2849" type="cond" truecount="2" falsecount="0"/>
        <line num="130" count="1" type="stmt"/>
        <line num="135" count="2848" type="stmt"/>
        <line num="138" count="16445" type="cond" truecount="2" falsecount="0"/>
        <line num="139" count="1" type="stmt"/>
        <line num="142" count="16444" type="cond" truecount="2" falsecount="0"/>
        <line num="143" count="3" type="stmt"/>
        <line num="146" count="16441" type="stmt"/>
        <line num="149" count="10" type="stmt"/>
        <line num="150" count="10" type="stmt"/>
        <line num="151" count="10" type="stmt"/>
        <line num="155" count="3325" type="cond" truecount="2" falsecount="0"/>
        <line num="156" count="2" type="stmt"/>
        <line num="158" count="3323" type="stmt"/>
        <line num="163" count="4" type="stmt"/>
        <line num="164" count="4" type="cond" truecount="4" falsecount="0"/>
        <line num="165" count="1" type="stmt"/>
        <line num="170" count="3" type="stmt"/>
        <line num="180" count="3803" type="cond" truecount="2" falsecount="0"/>
      </file>
      <file name="scale.ts" path="C:\Users\abina\Desktop\Local-ERP\coffer\src\main\domain\money\scale.ts">
        <metrics statements="15" coveredstatements="15" conditionals="2" coveredconditionals="2" methods="7" coveredmethods="7"/>
        <line num="21" count="9" type="stmt"/>
        <line num="30" count="9" type="stmt"/>
        <line num="39" count="9" type="stmt"/>
        <line num="60" count="7959" type="stmt"/>
        <line num="70" count="3785" type="stmt"/>
        <line num="71" count="3785" type="cond" truecount="2" falsecount="0"/>
        <line num="72" count="1" type="stmt"/>
        <line num="74" count="3783" type="stmt"/>
        <line num="79" count="113" type="stmt"/>
        <line num="84" count="1" type="stmt"/>
        <line num="89" count="1" type="stmt"/>
        <line num="94" count="578" type="stmt"/>
        <line num="118" count="18" type="stmt"/>
        <line num="119" count="18" type="stmt"/>
        <line num="120" count="18" type="stmt"/>
      </file>
      <file name="storage.ts" path="C:\Users\abina\Desktop\Local-ERP\coffer\src\main\domain\money\storage.ts">
        <metrics statements="22" coveredstatements="22" conditionals="15" coveredconditionals="15" methods="11" coveredmethods="11"/>
        <line num="34" count="749" type="cond" truecount="2" falsecount="0"/>
        <line num="35" count="27" type="stmt"/>
        <line num="40" count="722" type="stmt"/>
        <line num="45" count="35" type="cond" truecount="2" falsecount="0"/>
        <line num="50" count="736" type="stmt"/>
        <line num="51" count="736" type="cond" truecount="2" falsecount="0"/>
        <line num="52" count="1" type="stmt"/>
        <line num="57" count="735" type="stmt"/>
        <line num="58" count="735" type="cond" truecount="2" falsecount="0"/>
        <line num="69" count="713" type="stmt"/>
        <line num="70" count="713" type="stmt"/>
        <line num="71" count="713" type="stmt"/>
        <line num="72" count="713" type="cond" truecount="2" falsecount="0"/>
        <line num="73" count="14" type="stmt"/>
        <line num="78" count="698" type="stmt"/>
        <line num="83" count="343" type="stmt"/>
        <line num="88" count="2" type="stmt"/>
        <line num="93" count="342" type="stmt"/>
        <line num="104" count="2137" type="stmt"/>
        <line num="109" count="2115" type="stmt"/>
        <line num="114" count="2" type="stmt"/>
        <line num="119" count="2" type="stmt"/>
      </file>
    </package>
    <package name="domain.time">
      <metrics statements="145" coveredstatements="142" conditionals="96" coveredconditionals="93" methods="42" coveredmethods="42"/>
      <file name="calendar-date.ts" path="C:\Users\abina\Desktop\Local-ERP\coffer\src\main\domain\time\calendar-date.ts">
        <metrics statements="60" coveredstatements="60" conditionals="44" coveredconditionals="44" methods="16" coveredmethods="16"/>
        <line num="28" count="78" type="stmt"/>
        <line num="29" count="78" type="stmt"/>
        <line num="30" count="78" type="stmt"/>
        <line num="46" count="6" type="stmt"/>
        <line num="48" count="6" type="stmt"/>
        <line num="49" count="6" type="stmt"/>
        <line num="52" count="9051" type="stmt"/>
        <line num="57" count="3017" type="stmt"/>
        <line num="60" count="3017" type="stmt"/>
        <line num="61" count="3017" type="stmt"/>
        <line num="72" count="6780" type="stmt"/>
        <line num="73" count="6780" type="cond" truecount="2" falsecount="0"/>
        <line num="74" count="18" type="stmt"/>
        <line num="80" count="6762" type="stmt"/>
        <line num="81" count="6762" type="stmt"/>
        <line num="82" count="6762" type="stmt"/>
        <line num="84" count="6762" type="cond" truecount="4" falsecount="0"/>
        <line num="85" count="2" type="stmt"/>
        <line num="87" count="6760" type="cond" truecount="4" falsecount="0"/>
        <line num="88" count="6" type="stmt"/>
        <line num="90" count="6754" type="cond" truecount="4" falsecount="0"/>
        <line num="91" count="16" type="stmt"/>
        <line num="94" count="6738" type="stmt"/>
        <line num="99" count="355" type="cond" truecount="2" falsecount="0"/>
        <line num="100" count="2" type="stmt"/>
        <line num="102" count="353" type="stmt"/>
        <line num="103" count="353" type="stmt"/>
        <line num="104" count="353" type="stmt"/>
        <line num="106" count="18" type="stmt"/>
        <line num="112" count="479" type="cond" truecount="3" falsecount="0"/>
        <line num="117" count="7410" type="cond" truecount="4" falsecount="0"/>
        <line num="118" count="2" type="stmt"/>
        <line num="120" count="7408" type="cond" truecount="2" falsecount="0"/>
        <line num="121" count="471" type="cond" truecount="2" falsecount="0"/>
        <line num="123" count="6937" type="cond" truecount="6" falsecount="0"/>
        <line num="128" count="2055" type="stmt"/>
        <line num="129" count="2055" type="stmt"/>
        <line num="133" count="2017" type="stmt"/>
        <line num="134" count="2017" type="stmt"/>
        <line num="143" count="2018" type="cond" truecount="2" falsecount="0"/>
        <line num="144" count="1" type="stmt"/>
        <line num="146" count="2017" type="stmt"/>
        <line num="158" count="646" type="cond" truecount="2" falsecount="0"/>
        <line num="159" count="1" type="stmt"/>
        <line num="161" count="645" type="stmt"/>
        <line num="162" count="645" type="stmt"/>
        <line num="163" count="645" type="stmt"/>
        <line num="164" count="645" type="stmt"/>
        <line num="165" count="645" type="stmt"/>
        <line num="174" count="19" type="stmt"/>
        <line num="179" count="177" type="stmt"/>
        <line num="180" count="177" type="stmt"/>
        <line num="181" count="177" type="cond" truecount="2" falsecount="0"/>
        <line num="182" count="23" type="stmt"/>
        <line num="184" count="152" type="cond" truecount="2" falsecount="0"/>
        <line num="189" count="35" type="cond" truecount="2" falsecount="0"/>
        <line num="194" count="4" type="stmt"/>
        <line num="195" count="4" type="stmt"/>
        <line num="200" count="4" type="stmt"/>
        <line num="201" count="4" type="stmt"/>
      </file>
      <file name="fiscal-year.ts" path="C:\Users\abina\Desktop\Local-ERP\coffer\src\main\domain\time\fiscal-year.ts">
        <metrics statements="53" coveredstatements="51" conditionals="37" coveredconditionals="35" methods="15" coveredmethods="15"/>
        <line num="81" count="4" type="stmt"/>
        <line num="104" count="4" type="stmt"/>
        <line num="121" count="166" type="cond" truecount="2" falsecount="0"/>
        <line num="122" count="166" type="cond" truecount="2" falsecount="0"/>
        <line num="123" count="43" type="stmt"/>
        <line num="125" count="123" type="stmt"/>
        <line num="130" count="22" type="cond" truecount="2" falsecount="0"/>
        <line num="132" count="22" type="cond" truecount="2" falsecount="0"/>
        <line num="133" count="1" type="stmt"/>
        <line num="135" count="21" type="cond" truecount="5" falsecount="0"/>
        <line num="136" count="3" type="stmt"/>
        <line num="141" count="18" type="cond" truecount="5" falsecount="0"/>
        <line num="142" count="3" type="stmt"/>
        <line num="149" count="166" type="cond" truecount="2" falsecount="0"/>
        <line num="151" count="22" type="stmt"/>
        <line num="160" count="4" type="stmt"/>
        <line num="166" count="4" type="stmt"/>
        <line num="173" count="332" type="cond" truecount="2" falsecount="0"/>
        <line num="174" count="1" type="stmt"/>
        <line num="176" count="331" type="stmt"/>
        <line num="186" count="145" type="stmt"/>
        <line num="191" count="90" type="stmt"/>
        <line num="192" count="90" type="cond" truecount="3" falsecount="0"/>
        <line num="193" count="90" type="cond" truecount="2" falsecount="0"/>
        <line num="198" count="107" type="stmt"/>
        <line num="209" count="46" type="stmt"/>
        <line num="214" count="19" type="stmt"/>
        <line num="219" count="31" type="stmt"/>
        <line num="223" count="41" type="cond" truecount="2" falsecount="0"/>
        <line num="232" count="316" type="cond" truecount="2" falsecount="0"/>
        <line num="233" count="88" type="stmt"/>
        <line num="235" count="228" type="stmt"/>
        <line num="236" count="228" type="stmt"/>
        <line num="237" count="228" type="cond" truecount="1" falsecount="1"/>
        <line num="238" count="0" type="stmt"/>
        <line num="240" count="228" type="stmt"/>
        <line num="256" count="41" type="stmt"/>
        <line num="257" count="41" type="stmt"/>
        <line num="258" count="41" type="stmt"/>
        <line num="259" count="41" type="stmt"/>
        <line num="261" count="41" type="stmt"/>
        <line num="262" count="41" type="stmt"/>
        <line num="263" count="316" type="stmt"/>
        <line num="264" count="316" type="stmt"/>
        <line num="265" count="316" type="stmt"/>
        <line num="266" count="316" type="stmt"/>
        <line num="275" count="41" type="stmt"/>
        <line num="284" count="11" type="stmt"/>
        <line num="285" count="11" type="stmt"/>
        <line num="286" count="54" type="cond" truecount="2" falsecount="0"/>
        <line num="289" count="11" type="cond" truecount="1" falsecount="1"/>
        <line num="291" count="0" type="stmt"/>
        <line num="296" count="11" type="stmt"/>
      </file>
      <file name="instant.ts" path="C:\Users\abina\Desktop\Local-ERP\coffer\src\main\domain\time\instant.ts">
        <metrics statements="32" coveredstatements="31" conditionals="15" coveredconditionals="14" methods="11" coveredmethods="11"/>
        <line num="23" count="4" type="stmt"/>
        <line num="32" count="4" type="stmt"/>
        <line num="33" count="1" type="stmt"/>
        <line num="38" count="3" type="stmt"/>
        <line num="39" count="4" type="stmt"/>
        <line num="50" count="37" type="cond" truecount="2" falsecount="0"/>
        <line num="51" count="17" type="stmt"/>
        <line num="56" count="20" type="stmt"/>
        <line num="57" count="20" type="cond" truecount="4" falsecount="0"/>
        <line num="58" count="4" type="stmt"/>
        <line num="60" count="16" type="stmt"/>
        <line num="65" count="13" type="cond" truecount="2" falsecount="0"/>
        <line num="66" count="2" type="stmt"/>
        <line num="68" count="11" type="stmt"/>
        <line num="69" count="11" type="stmt"/>
        <line num="70" count="11" type="stmt"/>
        <line num="72" count="9" type="stmt"/>
        <line num="77" count="4" type="stmt"/>
        <line num="81" count="10" type="cond" truecount="4" falsecount="0"/>
        <line num="82" count="3" type="stmt"/>
        <line num="84" count="7" type="stmt"/>
        <line num="85" count="7" type="cond" truecount="1" falsecount="1"/>
        <line num="86" count="0" type="stmt"/>
        <line num="88" count="7" type="stmt"/>
        <line num="93" count="5" type="stmt"/>
        <line num="98" count="7" type="stmt"/>
        <line num="99" count="7" type="stmt"/>
        <line num="115" count="2" type="stmt"/>
        <line num="120" count="3" type="stmt"/>
        <line num="121" count="3" type="stmt"/>
        <line num="126" count="3" type="stmt"/>
        <line num="127" count="3" type="stmt"/>
      </file>
    </package>
    <package name="regimes">
      <metrics statements="0" coveredstatements="0" conditionals="0" coveredconditionals="0" methods="0" coveredmethods="0"/>
      <file name="types.ts" path="C:\Users\abina\Desktop\Local-ERP\coffer\src\main\regimes\types.ts">
        <metrics statements="0" coveredstatements="0" conditionals="0" coveredconditionals="0" methods="0" coveredmethods="0"/>
      </file>
    </package>
    <package name="regimes.in-gst">
      <metrics statements="232" coveredstatements="228" conditionals="135" coveredconditionals="127" methods="55" coveredmethods="55"/>
      <file name="amount-in-words.ts" path="C:\Users\abina\Desktop\Local-ERP\coffer\src\main\regimes\in-gst\amount-in-words.ts">
        <metrics statements="65" coveredstatements="62" conditionals="36" coveredconditionals="33" methods="9" coveredmethods="9"/>
        <line num="29" count="3" type="stmt"/>
        <line num="52" count="3" type="stmt"/>
        <line num="65" count="3" type="stmt"/>
        <line num="66" count="3" type="stmt"/>
        <line num="67" count="3" type="stmt"/>
        <line num="68" count="3" type="stmt"/>
        <line num="71" count="668" type="stmt"/>
        <line num="72" count="668" type="cond" truecount="1" falsecount="1"/>
        <line num="74" count="0" type="stmt"/>
        <line num="76" count="668" type="stmt"/>
        <line num="81" count="386" type="cond" truecount="1" falsecount="1"/>
        <line num="82" count="0" type="stmt"/>
        <line num="84" count="386" type="cond" truecount="2" falsecount="0"/>
        <line num="85" count="168" type="stmt"/>
        <line num="87" count="218" type="stmt"/>
        <line num="88" count="218" type="stmt"/>
        <line num="89" count="218" type="cond" truecount="2" falsecount="0"/>
        <line num="94" count="246" type="cond" truecount="1" falsecount="1"/>
        <line num="95" count="0" type="stmt"/>
        <line num="97" count="246" type="stmt"/>
        <line num="98" count="246" type="stmt"/>
        <line num="99" count="246" type="stmt"/>
        <line num="100" count="246" type="cond" truecount="2" falsecount="0"/>
        <line num="101" count="99" type="stmt"/>
        <line num="103" count="246" type="cond" truecount="2" falsecount="0"/>
        <line num="104" count="231" type="stmt"/>
        <line num="106" count="246" type="stmt"/>
        <line num="116" count="320" type="cond" truecount="2" falsecount="0"/>
        <line num="117" count="29" type="stmt"/>
        <line num="120" count="291" type="stmt"/>
        <line num="121" count="291" type="stmt"/>
        <line num="122" count="291" type="stmt"/>
        <line num="123" count="291" type="stmt"/>
        <line num="124" count="291" type="stmt"/>
        <line num="125" count="291" type="stmt"/>
        <line num="127" count="291" type="stmt"/>
        <line num="128" count="291" type="cond" truecount="2" falsecount="0"/>
        <line num="129" count="40" type="stmt"/>
        <line num="131" count="291" type="cond" truecount="2" falsecount="0"/>
        <line num="132" count="67" type="stmt"/>
        <line num="134" count="291" type="cond" truecount="2" falsecount="0"/>
        <line num="135" count="88" type="stmt"/>
        <line num="137" count="291" type="cond" truecount="2" falsecount="0"/>
        <line num="138" count="246" type="stmt"/>
        <line num="140" count="291" type="stmt"/>
        <line num="144" count="280" type="stmt"/>
        <line num="146" count="991" type="stmt"/>
        <line num="147" count="991" type="stmt"/>
        <line num="156" count="282" type="stmt"/>
        <line num="157" count="282" type="cond" truecount="4" falsecount="0"/>
        <line num="158" count="2" type="stmt"/>
        <line num="160" count="280" type="stmt"/>
        <line num="179" count="151" type="stmt"/>
        <line num="180" count="151" type="stmt"/>
        <line num="181" count="151" type="stmt"/>
        <line num="185" count="151" type="stmt"/>
        <line num="186" count="151" type="stmt"/>
        <line num="188" count="151" type="cond" truecount="2" falsecount="0"/>
        <line num="189" count="151" type="stmt"/>
        <line num="191" count="151" type="cond" truecount="2" falsecount="0"/>
        <line num="192" count="48" type="cond" truecount="2" falsecount="0"/>
        <line num="193" count="48" type="stmt"/>
        <line num="196" count="151" type="stmt"/>
        <line num="198" count="151" type="stmt"/>
        <line num="199" count="151" type="cond" truecount="2" falsecount="0"/>
      </file>
      <file name="classification.ts" path="C:\Users\abina\Desktop\Local-ERP\coffer\src\main\regimes\in-gst\classification.ts">
        <metrics statements="29" coveredstatements="29" conditionals="28" coveredconditionals="28" methods="10" coveredmethods="10"/>
        <line num="35" count="3" type="stmt"/>
        <line num="38" count="3" type="stmt"/>
        <line num="41" count="3" type="stmt"/>
        <line num="43" count="3" type="stmt"/>
        <line num="47" count="153" type="stmt"/>
        <line num="56" count="42" type="stmt"/>
        <line num="57" count="42" type="cond" truecount="2" falsecount="0"/>
        <line num="58" count="2" type="stmt"/>
        <line num="60" count="40" type="cond" truecount="4" falsecount="0"/>
        <line num="65" count="98" type="stmt"/>
        <line num="67" count="98" type="cond" truecount="2" falsecount="0"/>
        <line num="68" count="1" type="stmt"/>
        <line num="71" count="97" type="cond" truecount="2" falsecount="0"/>
        <line num="72" count="4" type="stmt"/>
        <line num="78" count="93" type="cond" truecount="4" falsecount="0"/>
        <line num="79" count="3" type="stmt"/>
        <line num="85" count="90" type="cond" truecount="2" falsecount="0"/>
        <line num="86" count="5" type="stmt"/>
        <line num="92" count="85" type="stmt"/>
        <line num="100" count="11" type="stmt"/>
        <line num="101" count="222" type="cond" truecount="2" falsecount="0"/>
        <line num="114" count="7" type="cond" truecount="2" falsecount="0"/>
        <line num="127" count="5" type="stmt"/>
        <line num="128" count="5" type="cond" truecount="2" falsecount="0"/>
        <line num="129" count="1" type="stmt"/>
        <line num="131" count="4" type="stmt"/>
        <line num="132" count="106" type="cond" truecount="2" falsecount="0"/>
        <line num="140" count="36" type="stmt"/>
        <line num="144" count="3" type="stmt"/>
      </file>
      <file name="compliance-pack.ts" path="C:\Users\abina\Desktop\Local-ERP\coffer\src\main\regimes\in-gst\compliance-pack.ts">
        <metrics statements="3" coveredstatements="3" conditionals="0" coveredconditionals="0" methods="2" coveredmethods="2"/>
        <line num="66" count="72" type="stmt"/>
        <line num="74" count="33" type="stmt"/>
        <line num="84" count="3" type="stmt"/>
      </file>
      <file name="filings.ts" path="C:\Users\abina\Desktop\Local-ERP\coffer\src\main\regimes\in-gst\filings.ts">
        <metrics statements="1" coveredstatements="1" conditionals="0" coveredconditionals="0" methods="0" coveredmethods="0"/>
        <line num="16" count="2" type="stmt"/>
      </file>
      <file name="gstin.ts" path="C:\Users\abina\Desktop\Local-ERP\coffer\src\main\regimes\in-gst\gstin.ts">
        <metrics statements="60" coveredstatements="60" conditionals="34" coveredconditionals="33" methods="6" coveredmethods="6"/>
        <line num="28" count="4" type="stmt"/>
        <line num="31" count="4" type="stmt"/>
        <line num="33" count="4" type="stmt"/>
        <line num="34" count="4" type="stmt"/>
        <line num="35" count="4" type="stmt"/>
        <line num="45" count="1205" type="stmt"/>
        <line num="57" count="306" type="cond" truecount="2" falsecount="0"/>
        <line num="58" count="2" type="stmt"/>
        <line num="63" count="304" type="stmt"/>
        <line num="64" count="304" type="stmt"/>
        <line num="65" count="304" type="stmt"/>
        <line num="67" count="304" type="stmt"/>
        <line num="68" count="4243" type="stmt"/>
        <line num="69" count="4243" type="stmt"/>
        <line num="70" count="4243" type="cond" truecount="2" falsecount="0"/>
        <line num="71" count="1" type="stmt"/>
        <line num="73" count="4242" type="stmt"/>
        <line num="74" count="4242" type="stmt"/>
        <line num="75" count="4242" type="cond" truecount="2" falsecount="0"/>
        <line num="78" count="303" type="stmt"/>
        <line num="83" count="615" type="stmt"/>
        <line num="84" count="615" type="cond" truecount="2" falsecount="0"/>
        <line num="85" count="8" type="stmt"/>
        <line num="87" count="607" type="stmt"/>
        <line num="88" count="607" type="cond" truecount="2" falsecount="0"/>
        <line num="92" count="561" type="stmt"/>
        <line num="103" count="576" type="stmt"/>
        <line num="104" count="576" type="stmt"/>
        <line num="106" count="576" type="cond" truecount="2" falsecount="0"/>
        <line num="107" count="4" type="stmt"/>
        <line num="110" count="572" type="cond" truecount="2" falsecount="0"/>
        <line num="111" count="6" type="stmt"/>
        <line num="117" count="566" type="stmt"/>
        <line num="118" count="566" type="cond" truecount="2" falsecount="0"/>
        <line num="119" count="54" type="stmt"/>
        <line num="125" count="512" type="stmt"/>
        <line num="126" count="512" type="cond" truecount="2" falsecount="0"/>
        <line num="127" count="52" type="stmt"/>
        <line num="133" count="460" type="stmt"/>
        <line num="134" count="460" type="cond" truecount="2" falsecount="0"/>
        <line num="135" count="106" type="stmt"/>
        <line num="141" count="354" type="stmt"/>
        <line num="142" count="354" type="cond" truecount="2" falsecount="0"/>
        <line num="143" count="12" type="stmt"/>
        <line num="149" count="342" type="stmt"/>
        <line num="150" count="342" type="cond" truecount="2" falsecount="0"/>
        <line num="151" count="2" type="stmt"/>
        <line num="157" count="340" type="stmt"/>
        <line num="158" count="340" type="cond" truecount="2" falsecount="0"/>
        <line num="159" count="37" type="stmt"/>
        <line num="165" count="303" type="stmt"/>
        <line num="166" count="303" type="cond" truecount="2" falsecount="0"/>
        <line num="167" count="2" type="stmt"/>
        <line num="173" count="301" type="cond" truecount="2" falsecount="0"/>
        <line num="174" count="11" type="stmt"/>
        <line num="180" count="290" type="cond" truecount="2" falsecount="0"/>
        <line num="181" count="275" type="stmt"/>
        <line num="187" count="15" type="stmt"/>
        <line num="192" count="15" type="stmt"/>
        <line num="193" count="15" type="cond" truecount="1" falsecount="1"/>
      </file>
      <file name="jurisdictions.ts" path="C:\Users\abina\Desktop\Local-ERP\coffer\src\main\regimes\in-gst\jurisdictions.ts">
        <metrics statements="14" coveredstatements="14" conditionals="8" coveredconditionals="8" methods="12" coveredmethods="12"/>
        <line num="51" count="174" type="stmt"/>
        <line num="56" count="36" type="stmt"/>
        <line num="67" count="18" type="stmt"/>
        <line num="71" count="12" type="stmt"/>
        <line num="75" count="6" type="stmt"/>
        <line num="135" count="6" type="stmt"/>
        <line num="136" count="240" type="stmt"/>
        <line num="141" count="268" type="cond" truecount="2" falsecount="0"/>
        <line num="146" count="910" type="stmt"/>
        <line num="155" count="27" type="cond" truecount="2" falsecount="0"/>
        <line num="163" count="2" type="stmt"/>
        <line num="164" count="80" type="cond" truecount="2" falsecount="0"/>
        <line num="165" count="72" type="stmt"/>
        <line num="175" count="235" type="cond" truecount="2" falsecount="0"/>
      </file>
      <file name="number-format.ts" path="C:\Users\abina\Desktop\Local-ERP\coffer\src\main\regimes\in-gst\number-format.ts">
        <metrics statements="1" coveredstatements="1" conditionals="0" coveredconditionals="0" methods="0" coveredmethods="0"/>
        <line num="17" count="2" type="stmt"/>
      </file>
      <file name="place-of-supply.ts" path="C:\Users\abina\Desktop\Local-ERP\coffer\src\main\regimes\in-gst\place-of-supply.ts">
        <metrics statements="15" coveredstatements="15" conditionals="11" coveredconditionals="11" methods="3" coveredmethods="3"/>
        <line num="24" count="3" type="stmt"/>
        <line num="27" count="15" type="stmt"/>
        <line num="39" count="29" type="stmt"/>
        <line num="40" count="29" type="cond" truecount="4" falsecount="0"/>
        <line num="41" count="18" type="stmt"/>
        <line num="43" count="11" type="cond" truecount="2" falsecount="0"/>
        <line num="44" count="5" type="stmt"/>
        <line num="46" count="6" type="stmt"/>
        <line num="59" count="15" type="stmt"/>
        <line num="60" count="15" type="stmt"/>
        <line num="62" count="15" type="cond" truecount="2" falsecount="0"/>
        <line num="65" count="3" type="stmt"/>
        <line num="73" count="12" type="stmt"/>
        <line num="74" count="12" type="stmt"/>
        <line num="76" count="12" type="stmt"/>
      </file>
      <file name="regime.ts" path="C:\Users\abina\Desktop\Local-ERP\coffer\src\main\regimes\in-gst\regime.ts">
        <metrics statements="1" coveredstatements="1" conditionals="0" coveredconditionals="0" methods="0" coveredmethods="0"/>
        <line num="24" count="2" type="stmt"/>
      </file>
      <file name="tax.ts" path="C:\Users\abina\Desktop\Local-ERP\coffer\src\main\regimes\in-gst\tax.ts">
        <metrics statements="43" coveredstatements="42" conditionals="18" coveredconditionals="14" methods="13" coveredmethods="13"/>
        <line num="65" count="3" type="stmt"/>
        <line num="69" count="12" type="stmt"/>
        <line num="84" count="334" type="cond" truecount="2" falsecount="0"/>
        <line num="85" count="110" type="stmt"/>
        <line num="88" count="224" type="stmt"/>
        <line num="89" count="224" type="cond" truecount="1" falsecount="1"/>
        <line num="90" count="334" type="stmt"/>
        <line num="104" count="1116" type="stmt"/>
        <line num="108" count="558" type="stmt"/>
        <line num="113" count="341" type="stmt"/>
        <line num="114" count="341" type="stmt"/>
        <line num="119" count="341" type="cond" truecount="2" falsecount="0"/>
        <line num="120" count="5" type="stmt"/>
        <line num="128" count="334" type="stmt"/>
        <line num="132" count="334" type="stmt"/>
        <line num="137" count="334" type="stmt"/>
        <line num="139" count="558" type="stmt"/>
        <line num="142" count="334" type="stmt"/>
        <line num="143" count="558" type="stmt"/>
        <line num="144" count="558" type="cond" truecount="1" falsecount="1"/>
        <line num="146" count="0" type="stmt"/>
        <line num="148" count="558" type="stmt"/>
        <line num="156" count="334" type="stmt"/>
        <line num="172" count="327" type="stmt"/>
        <line num="174" count="327" type="stmt"/>
        <line num="175" count="339" type="stmt"/>
        <line num="176" count="558" type="stmt"/>
        <line num="177" count="558" type="stmt"/>
        <line num="178" count="558" type="cond" truecount="2" falsecount="0"/>
        <line num="179" count="550" type="stmt"/>
        <line num="181" count="8" type="stmt"/>
        <line num="186" count="327" type="stmt"/>
        <line num="187" count="550" type="stmt"/>
        <line num="194" count="241" type="cond" truecount="2" falsecount="2"/>
        <line num="195" count="241" type="cond" truecount="2" falsecount="0"/>
        <line num="196" count="227" type="stmt"/>
        <line num="200" count="14" type="stmt"/>
        <line num="206" count="330" type="cond" truecount="2" falsecount="0"/>
        <line num="209" count="1" type="stmt"/>
        <line num="212" count="341" type="stmt"/>
        <line num="213" count="329" type="stmt"/>
        <line num="217" count="339" type="stmt"/>
        <line num="219" count="329" type="stmt"/>
      </file>
    </package>
    <package name="security">
      <metrics statements="481" coveredstatements="458" conditionals="270" coveredconditionals="253" methods="111" coveredmethods="110"/>
      <file name="argon2.ts" path="C:\Users\abina\Desktop\Local-ERP\coffer\src\main\security\argon2.ts">
        <metrics statements="62" coveredstatements="59" conditionals="62" coveredconditionals="58" methods="8" coveredmethods="8"/>
        <line num="83" count="9" type="stmt"/>
        <line num="86" count="9" type="stmt"/>
        <line num="89" count="9" type="stmt"/>
        <line num="92" count="9" type="stmt"/>
        <line num="100" count="9" type="stmt"/>
        <line num="101" count="9" type="stmt"/>
        <line num="102" count="9" type="stmt"/>
        <line num="103" count="9" type="stmt"/>
        <line num="104" count="9" type="stmt"/>
        <line num="105" count="9" type="stmt"/>
        <line num="119" count="9" type="stmt"/>
        <line num="127" count="9" type="stmt"/>
        <line num="141" count="1646" type="cond" truecount="10" falsecount="0"/>
        <line num="151" count="1646" type="cond" truecount="2" falsecount="0"/>
        <line num="152" count="15" type="stmt"/>
        <line num="175" count="1033" type="stmt"/>
        <line num="176" count="1033" type="cond" truecount="2" falsecount="0"/>
        <line num="177" count="1" type="stmt"/>
        <line num="179" count="1031" type="cond" truecount="4" falsecount="1"/>
        <line num="180" count="0" type="stmt"/>
        <line num="182" count="1031" type="cond" truecount="2" falsecount="0"/>
        <line num="183" count="1" type="stmt"/>
        <line num="185" count="1030" type="stmt"/>
        <line num="193" count="1030" type="stmt"/>
        <line num="205" count="9" type="stmt"/>
        <line num="206" count="9" type="stmt"/>
        <line num="227" count="6" type="cond" truecount="4" falsecount="0"/>
        <line num="228" count="1" type="stmt"/>
        <line num="233" count="5" type="stmt"/>
        <line num="234" count="5" type="stmt"/>
        <line num="236" count="2" type="stmt"/>
        <line num="251" count="339" type="cond" truecount="2" falsecount="0"/>
        <line num="252" count="1" type="stmt"/>
        <line num="254" count="338" type="stmt"/>
        <line num="262" count="4" type="stmt"/>
        <line num="263" count="4" type="cond" truecount="2" falsecount="0"/>
        <line num="264" count="2" type="stmt"/>
        <line num="266" count="2" type="stmt"/>
        <line num="288" count="5" type="cond" truecount="1" falsecount="1"/>
        <line num="289" count="0" type="stmt"/>
        <line num="291" count="5" type="stmt"/>
        <line num="293" count="5" type="cond" truecount="2" falsecount="0"/>
        <line num="294" count="1" type="stmt"/>
        <line num="296" count="4" type="stmt"/>
        <line num="297" count="4" type="stmt"/>
        <line num="298" count="4" type="stmt"/>
        <line num="299" count="4" type="cond" truecount="1" falsecount="1"/>
        <line num="305" count="0" type="stmt"/>
        <line num="307" count="4" type="stmt"/>
        <line num="308" count="4" type="stmt"/>
        <line num="309" count="4" type="stmt"/>
        <line num="310" count="12" type="stmt"/>
        <line num="311" count="12" type="cond" truecount="3" falsecount="1"/>
        <line num="312" count="12" type="stmt"/>
        <line num="315" count="4" type="stmt"/>
        <line num="316" count="4" type="stmt"/>
        <line num="317" count="4" type="stmt"/>
        <line num="318" count="4" type="cond" truecount="2" falsecount="0"/>
        <line num="327" count="1" type="stmt"/>
        <line num="329" count="3" type="stmt"/>
        <line num="339" count="241" type="cond" truecount="4" falsecount="0"/>
        <line num="340" count="9" type="stmt"/>
      </file>
      <file name="dek.ts" path="C:\Users\abina\Desktop\Local-ERP\coffer\src\main\security\dek.ts">
        <metrics statements="60" coveredstatements="59" conditionals="28" coveredconditionals="27" methods="14" coveredmethods="14"/>
        <line num="43" count="8" type="stmt"/>
        <line num="46" count="8" type="stmt"/>
        <line num="49" count="8" type="stmt"/>
        <line num="52" count="8" type="stmt"/>
        <line num="54" count="8" type="stmt"/>
        <line num="55" count="8" type="stmt"/>
        <line num="86" count="210" type="stmt"/>
        <line num="91" count="1581" type="cond" truecount="2" falsecount="0"/>
        <line num="98" count="1575" type="cond" truecount="2" falsecount="0"/>
        <line num="99" count="5" type="stmt"/>
        <line num="114" count="2329" type="cond" truecount="2" falsecount="0"/>
        <line num="115" count="1" type="stmt"/>
        <line num="117" count="2328" type="stmt"/>
        <line num="133" count="1021" type="stmt"/>
        <line num="134" count="1021" type="stmt"/>
        <line num="135" count="1021" type="stmt"/>
        <line num="140" count="1021" type="stmt"/>
        <line num="154" count="784" type="stmt"/>
        <line num="155" count="784" type="cond" truecount="2" falsecount="0"/>
        <line num="156" count="1" type="stmt"/>
        <line num="158" count="783" type="stmt"/>
        <line num="159" count="783" type="stmt"/>
        <line num="160" count="783" type="stmt"/>
        <line num="161" count="783" type="stmt"/>
        <line num="162" count="783" type="stmt"/>
        <line num="171" count="107" type="cond" truecount="1" falsecount="1"/>
        <line num="177" count="0" type="stmt"/>
        <line num="179" count="107" type="stmt"/>
        <line num="180" count="107" type="stmt"/>
        <line num="183" count="107" type="stmt"/>
        <line num="184" count="107" type="stmt"/>
        <line num="185" count="107" type="stmt"/>
        <line num="187" count="13" type="stmt"/>
        <line num="204" count="774" type="stmt"/>
        <line num="205" count="774" type="stmt"/>
        <line num="206" count="774" type="stmt"/>
        <line num="207" count="774" type="stmt"/>
        <line num="208" count="774" type="stmt"/>
        <line num="210" count="774" type="stmt"/>
        <line num="226" count="235" type="stmt"/>
        <line num="227" count="235" type="stmt"/>
        <line num="228" count="235" type="cond" truecount="2" falsecount="0"/>
        <line num="229" count="134" type="stmt"/>
        <line num="231" count="101" type="stmt"/>
        <line num="232" count="101" type="cond" truecount="2" falsecount="0"/>
        <line num="234" count="8" type="stmt"/>
        <line num="236" count="93" type="stmt"/>
        <line num="238" count="235" type="stmt"/>
        <line num="253" count="3381" type="stmt"/>
        <line num="254" count="3628" type="cond" truecount="5" falsecount="0"/>
        <line num="255" count="3626" type="stmt"/>
        <line num="274" count="7" type="stmt"/>
        <line num="275" count="7" type="stmt"/>
        <line num="277" count="7" type="stmt"/>
        <line num="289" count="11" type="stmt"/>
        <line num="290" count="11" type="stmt"/>
        <line num="298" count="5" type="stmt"/>
        <line num="307" count="7" type="cond" truecount="4" falsecount="0"/>
        <line num="308" count="6" type="stmt"/>
        <line num="313" count="1" type="stmt"/>
      </file>
      <file name="errors.ts" path="C:\Users\abina\Desktop\Local-ERP\coffer\src\main\security\errors.ts">
        <metrics statements="4" coveredstatements="4" conditionals="0" coveredconditionals="0" methods="2" coveredmethods="2"/>
        <line num="58" count="169" type="stmt"/>
        <line num="59" count="169" type="stmt"/>
        <line num="60" count="169" type="stmt"/>
        <line num="65" count="56" type="stmt"/>
      </file>
      <file name="recovery-codes.ts" path="C:\Users\abina\Desktop\Local-ERP\coffer\src\main\security\recovery-codes.ts">
        <metrics statements="40" coveredstatements="39" conditionals="23" coveredconditionals="22" methods="8" coveredmethods="8"/>
        <line num="38" count="8" type="stmt"/>
        <line num="41" count="8" type="stmt"/>
        <line num="44" count="8" type="stmt"/>
        <line num="47" count="8" type="stmt"/>
        <line num="50" count="8" type="stmt"/>
        <line num="57" count="8" type="stmt"/>
        <line num="70" count="1761" type="stmt"/>
        <line num="71" count="1761" type="stmt"/>
        <line num="72" count="1761" type="stmt"/>
        <line num="73" count="35220" type="stmt"/>
        <line num="75" count="1761" type="stmt"/>
        <line num="76" count="1761" type="stmt"/>
        <line num="86" count="133" type="cond" truecount="5" falsecount="0"/>
        <line num="87" count="4" type="stmt"/>
        <line num="89" count="653" type="stmt"/>
        <line num="94" count="1762" type="stmt"/>
        <line num="95" count="1762" type="stmt"/>
        <line num="96" count="7048" type="stmt"/>
        <line num="98" count="1762" type="stmt"/>
        <line num="112" count="729" type="cond" truecount="1" falsecount="1"/>
        <line num="113" count="0" type="stmt"/>
        <line num="115" count="729" type="stmt"/>
        <line num="116" count="729" type="stmt"/>
        <line num="117" count="16519" type="cond" truecount="2" falsecount="0"/>
        <line num="124" count="2146" type="stmt"/>
        <line num="126" count="14373" type="cond" truecount="2" falsecount="0"/>
        <line num="127" count="16519" type="cond" truecount="2" falsecount="0"/>
        <line num="128" count="7" type="stmt"/>
        <line num="130" count="14366" type="stmt"/>
        <line num="131" count="14366" type="cond" truecount="2" falsecount="0"/>
        <line num="132" count="2" type="stmt"/>
        <line num="135" count="720" type="cond" truecount="2" falsecount="0"/>
        <line num="136" count="11" type="stmt"/>
        <line num="138" count="709" type="stmt"/>
        <line num="143" count="7" type="stmt"/>
        <line num="144" count="7" type="stmt"/>
        <line num="145" count="7" type="stmt"/>
        <line num="147" count="7" type="stmt"/>
        <line num="162" count="701" type="stmt"/>
        <line num="166" count="20" type="stmt"/>
      </file>
      <file name="sealed-box.ts" path="C:\Users\abina\Desktop\Local-ERP\coffer\src\main\security\sealed-box.ts">
        <metrics statements="61" coveredstatements="60" conditionals="31" coveredconditionals="30" methods="15" coveredmethods="15"/>
        <line num="43" count="7" type="stmt"/>
        <line num="46" count="7" type="stmt"/>
        <line num="49" count="7" type="stmt"/>
        <line num="52" count="7" type="stmt"/>
        <line num="55" count="7" type="stmt"/>
        <line num="84" count="7" type="stmt"/>
        <line num="87" count="39" type="cond" truecount="2" falsecount="0"/>
        <line num="88" count="2" type="stmt"/>
        <line num="89" count="2" type="stmt"/>
        <line num="90" count="2" type="stmt"/>
        <line num="91" count="2" type="stmt"/>
        <line num="94" count="39" type="stmt"/>
        <line num="102" count="2" type="stmt"/>
        <line num="107" count="5" type="stmt"/>
        <line num="108" count="5" type="stmt"/>
        <line num="109" count="5" type="stmt"/>
        <line num="122" count="24" type="stmt"/>
        <line num="123" count="24" type="stmt"/>
        <line num="124" count="20" type="stmt"/>
        <line num="137" count="14" type="stmt"/>
        <line num="138" count="14" type="stmt"/>
        <line num="139" count="14" type="cond" truecount="2" falsecount="0"/>
        <line num="140" count="1" type="stmt"/>
        <line num="142" count="12" type="stmt"/>
        <line num="143" count="12" type="stmt"/>
        <line num="144" count="12" type="stmt"/>
        <line num="154" count="9" type="stmt"/>
        <line num="169" count="7" type="stmt"/>
        <line num="170" count="7" type="stmt"/>
        <line num="181" count="2" type="stmt"/>
        <line num="191" count="4" type="stmt"/>
        <line num="192" count="4" type="stmt"/>
        <line num="193" count="2" type="stmt"/>
        <line num="194" count="2" type="stmt"/>
        <line num="196" count="0" type="stmt"/>
        <line num="209" count="11" type="cond" truecount="2" falsecount="0"/>
        <line num="210" count="11" type="cond" truecount="5" falsecount="0"/>
        <line num="211" count="2" type="stmt"/>
        <line num="213" count="8" type="stmt"/>
        <line num="214" count="8" type="stmt"/>
        <line num="215" count="8" type="stmt"/>
        <line num="216" count="8" type="stmt"/>
        <line num="217" count="8" type="stmt"/>
        <line num="218" count="8" type="cond" truecount="2" falsecount="0"/>
        <line num="226" count="1" type="stmt"/>
        <line num="228" count="7" type="cond" truecount="2" falsecount="0"/>
        <line num="229" count="1" type="stmt"/>
        <line num="234" count="6" type="stmt"/>
        <line num="235" count="6" type="cond" truecount="4" falsecount="0"/>
        <line num="236" count="2" type="stmt"/>
        <line num="238" count="4" type="stmt"/>
        <line num="247" count="14" type="stmt"/>
        <line num="248" count="14" type="stmt"/>
        <line num="249" count="14" type="cond" truecount="1" falsecount="1"/>
        <line num="253" count="66" type="cond" truecount="4" falsecount="0"/>
        <line num="254" count="6" type="stmt"/>
        <line num="259" count="10" type="stmt"/>
        <line num="266" count="6" type="stmt"/>
        <line num="270" count="7" type="stmt"/>
        <line num="271" count="7" type="stmt"/>
        <line num="273" count="1" type="stmt"/>
      </file>
      <file name="vault.ts" path="C:\Users\abina\Desktop\Local-ERP\coffer\src\main\security\vault.ts">
        <metrics statements="254" coveredstatements="237" conditionals="126" coveredconditionals="116" methods="64" coveredmethods="63"/>
        <line num="85" count="7" type="stmt"/>
        <line num="88" count="7" type="stmt"/>
        <line num="99" count="7" type="stmt"/>
        <line num="102" count="7" type="stmt"/>
        <line num="105" count="7" type="stmt"/>
        <line num="108" count="7" type="stmt"/>
        <line num="203" count="125" type="stmt"/>
        <line num="204" count="125" type="cond" truecount="2" falsecount="0"/>
        <line num="205" count="125" type="cond" truecount="2" falsecount="0"/>
        <line num="206" count="125" type="stmt"/>
        <line num="207" count="125" type="stmt"/>
        <line num="209" count="125" type="cond" truecount="2" falsecount="0"/>
        <line num="210" count="125" type="stmt"/>
        <line num="211" count="125" type="stmt"/>
        <line num="213" count="125" type="stmt"/>
        <line num="214" count="125" type="stmt"/>
        <line num="220" count="123" type="stmt"/>
        <line num="226" count="123" type="stmt"/>
        <line num="227" count="123" type="stmt"/>
        <line num="228" count="608" type="stmt"/>
        <line num="234" count="608" type="stmt"/>
        <line num="241" count="123" type="stmt"/>
        <line num="243" count="0" type="stmt"/>
        <line num="244" count="0" type="stmt"/>
        <line num="260" count="70" type="stmt"/>
        <line num="261" count="70" type="stmt"/>
        <line num="262" count="70" type="stmt"/>
        <line num="263" count="70" type="stmt"/>
        <line num="264" count="70" type="stmt"/>
        <line num="266" count="50" type="stmt"/>
        <line num="268" count="69" type="cond" truecount="2" falsecount="0"/>
        <line num="269" count="19" type="stmt"/>
        <line num="274" count="50" type="cond" truecount="2" falsecount="0"/>
        <line num="275" count="4" type="stmt"/>
        <line num="277" count="46" type="stmt"/>
        <line num="279" count="69" type="stmt"/>
        <line num="294" count="68" type="stmt"/>
        <line num="295" count="68" type="stmt"/>
        <line num="296" count="384" type="stmt"/>
        <line num="297" count="68" type="cond" truecount="1" falsecount="1"/>
        <line num="298" count="0" type="stmt"/>
        <line num="301" count="65" type="stmt"/>
        <line num="302" count="188" type="cond" truecount="2" falsecount="0"/>
        <line num="303" count="28" type="stmt"/>
        <line num="305" count="160" type="stmt"/>
        <line num="307" count="47" type="stmt"/>
        <line num="309" count="160" type="cond" truecount="2" falsecount="0"/>
        <line num="310" count="113" type="stmt"/>
        <line num="312" count="47" type="cond" truecount="2" falsecount="0"/>
        <line num="313" count="1" type="stmt"/>
        <line num="315" count="46" type="stmt"/>
        <line num="316" count="46" type="stmt"/>
        <line num="317" count="46" type="stmt"/>
        <line num="319" count="0" type="stmt"/>
        <line num="320" count="0" type="stmt"/>
        <line num="325" count="18" type="stmt"/>
        <line num="326" count="58" type="cond" truecount="2" falsecount="0"/>
        <line num="327" count="49" type="stmt"/>
        <line num="329" count="9" type="cond" truecount="2" falsecount="0"/>
        <line num="330" count="8" type="stmt"/>
        <line num="337" count="10" type="stmt"/>
        <line num="342" count="65" type="stmt"/>
        <line num="363" count="16" type="stmt"/>
        <line num="364" count="16" type="stmt"/>
        <line num="365" count="11" type="stmt"/>
        <line num="366" count="11" type="stmt"/>
        <line num="368" count="11" type="stmt"/>
        <line num="383" count="17" type="stmt"/>
        <line num="384" count="17" type="stmt"/>
        <line num="385" count="17" type="stmt"/>
        <line num="390" count="16" type="stmt"/>
        <line num="394" count="93" type="cond" truecount="2" falsecount="0"/>
        <line num="395" count="16" type="stmt"/>
        <line num="410" count="8" type="stmt"/>
        <line num="411" count="4" type="cond" truecount="1" falsecount="1"/>
        <line num="412" count="4" type="stmt"/>
        <line num="413" count="4" type="stmt"/>
        <line num="414" count="24" type="stmt"/>
        <line num="415" count="4" type="stmt"/>
        <line num="416" count="20" type="stmt"/>
        <line num="422" count="20" type="stmt"/>
        <line num="428" count="4" type="stmt"/>
        <line num="440" count="108" type="cond" truecount="2" falsecount="0"/>
        <line num="449" count="5" type="stmt"/>
        <line num="450" count="8" type="cond" truecount="2" falsecount="0"/>
        <line num="451" count="8" type="stmt"/>
        <line num="461" count="6" type="stmt"/>
        <line num="462" count="1" type="stmt"/>
        <line num="469" count="6" type="stmt"/>
        <line num="502" count="94" type="stmt"/>
        <line num="507" count="564" type="stmt"/>
        <line num="534" count="94" type="stmt"/>
        <line num="552" count="78" type="cond" truecount="2" falsecount="0"/>
        <line num="553" count="78" type="stmt"/>
        <line num="555" count="78" type="cond" truecount="2" falsecount="0"/>
        <line num="556" count="1" type="stmt"/>
        <line num="559" count="72" type="stmt"/>
        <line num="560" count="72" type="cond" truecount="3" falsecount="1"/>
        <line num="561" count="0" type="stmt"/>
        <line num="563" count="72" type="cond" truecount="2" falsecount="0"/>
        <line num="564" count="1" type="stmt"/>
        <line num="572" count="71" type="stmt"/>
        <line num="573" count="71" type="stmt"/>
        <line num="575" count="71" type="stmt"/>
        <line num="576" count="71" type="cond" truecount="5" falsecount="0"/>
        <line num="577" count="1" type="stmt"/>
        <line num="580" count="68" type="stmt"/>
        <line num="581" count="68" type="stmt"/>
        <line num="582" count="359" type="stmt"/>
        <line num="583" count="359" type="stmt"/>
        <line num="584" count="359" type="cond" truecount="2" falsecount="0"/>
        <line num="585" count="1" type="stmt"/>
        <line num="587" count="357" type="stmt"/>
        <line num="589" count="357" type="stmt"/>
        <line num="590" count="357" type="cond" truecount="4" falsecount="0"/>
        <line num="591" count="1" type="stmt"/>
        <line num="594" count="356" type="stmt"/>
        <line num="595" count="356" type="cond" truecount="2" falsecount="0"/>
        <line num="596" count="359" type="cond" truecount="2" falsecount="0"/>
        <line num="597" count="1" type="stmt"/>
        <line num="599" count="354" type="cond" truecount="4" falsecount="0"/>
        <line num="600" count="1" type="stmt"/>
        <line num="603" count="353" type="stmt"/>
        <line num="615" count="342" type="cond" truecount="2" falsecount="0"/>
        <line num="616" count="2" type="stmt"/>
        <line num="619" count="55" type="stmt"/>
        <line num="633" count="44" type="stmt"/>
        <line num="634" count="44" type="stmt"/>
        <line num="635" count="43" type="stmt"/>
        <line num="636" count="43" type="stmt"/>
        <line num="638" count="43" type="stmt"/>
        <line num="641" count="1" type="stmt"/>
        <line num="643" count="43" type="stmt"/>
        <line num="661" count="57" type="stmt"/>
        <line num="662" count="57" type="stmt"/>
        <line num="663" count="57" type="stmt"/>
        <line num="664" count="57" type="stmt"/>
        <line num="665" count="57" type="stmt"/>
        <line num="666" count="57" type="stmt"/>
        <line num="667" count="57" type="stmt"/>
        <line num="668" count="57" type="stmt"/>
        <line num="670" count="57" type="stmt"/>
        <line num="672" count="57" type="stmt"/>
        <line num="674" count="0" type="stmt"/>
        <line num="675" count="0" type="stmt"/>
        <line num="693" count="44" type="cond" truecount="2" falsecount="0"/>
        <line num="694" count="1" type="stmt"/>
        <line num="696" count="43" type="stmt"/>
        <line num="697" count="43" type="stmt"/>
        <line num="698" count="43" type="stmt"/>
        <line num="700" count="0" type="stmt"/>
        <line num="701" count="0" type="stmt"/>
        <line num="703" count="43" type="stmt"/>
        <line num="708" count="10" type="stmt"/>
        <line num="722" count="11" type="stmt"/>
        <line num="723" count="6" type="stmt"/>
        <line num="724" count="6" type="stmt"/>
        <line num="726" count="0" type="stmt"/>
        <line num="727" count="0" type="stmt"/>
        <line num="729" count="6" type="stmt"/>
        <line num="738" count="5" type="stmt"/>
        <line num="739" count="5" type="stmt"/>
        <line num="750" count="1" type="stmt"/>
        <line num="751" count="1" type="stmt"/>
        <line num="752" count="1" type="stmt"/>
        <line num="753" count="1" type="stmt"/>
        <line num="754" count="1" type="stmt"/>
        <line num="755" count="1" type="stmt"/>
        <line num="757" count="1" type="stmt"/>
        <line num="773" count="188" type="stmt"/>
        <line num="789" count="92" type="stmt"/>
        <line num="790" count="92" type="stmt"/>
        <line num="791" count="92" type="cond" truecount="2" falsecount="0"/>
        <line num="792" count="7" type="stmt"/>
        <line num="793" count="7" type="stmt"/>
        <line num="796" count="92" type="stmt"/>
        <line num="798" count="85" type="stmt"/>
        <line num="802" count="280" type="stmt"/>
        <line num="803" count="280" type="stmt"/>
        <line num="804" count="280" type="stmt"/>
        <line num="806" count="280" type="stmt"/>
        <line num="819" count="280" type="stmt"/>
        <line num="824" count="280" type="stmt"/>
        <line num="826" count="1655" type="cond" truecount="2" falsecount="0"/>
        <line num="833" count="1655" type="stmt"/>
        <line num="846" count="280" type="stmt"/>
        <line num="858" count="864" type="stmt"/>
        <line num="871" count="2519" type="stmt"/>
        <line num="883" count="767" type="stmt"/>
        <line num="884" count="767" type="stmt"/>
        <line num="885" count="767" type="stmt"/>
        <line num="886" count="767" type="stmt"/>
        <line num="888" count="767" type="stmt"/>
        <line num="890" count="767" type="stmt"/>
        <line num="899" count="767" type="stmt"/>
        <line num="905" count="45" type="stmt"/>
        <line num="906" count="45" type="stmt"/>
        <line num="907" count="267" type="cond" truecount="2" falsecount="0"/>
        <line num="909" count="45" type="stmt"/>
        <line num="914" count="9" type="stmt"/>
        <line num="915" count="9" type="stmt"/>
        <line num="916" count="9" type="stmt"/>
        <line num="918" count="9" type="stmt"/>
        <line num="923" count="229" type="cond" truecount="1" falsecount="1"/>
        <line num="924" count="0" type="stmt"/>
        <line num="926" count="229" type="stmt"/>
        <line num="930" count="85" type="stmt"/>
        <line num="931" count="85" type="cond" truecount="3" falsecount="1"/>
        <line num="932" count="0" type="stmt"/>
        <line num="934" count="85" type="stmt"/>
        <line num="938" count="628" type="stmt"/>
        <line num="942" count="188" type="stmt"/>
        <line num="946" count="12" type="stmt"/>
        <line num="953" count="20" type="stmt"/>
        <line num="957" count="44" type="stmt"/>
        <line num="958" count="44" type="stmt"/>
        <line num="959" count="1" type="stmt"/>
        <line num="961" count="43" type="stmt"/>
        <line num="968" count="49" type="stmt"/>
        <line num="969" count="49" type="stmt"/>
        <line num="971" count="2" type="stmt"/>
        <line num="976" count="1132" type="cond" truecount="5" falsecount="0"/>
        <line num="977" count="3" type="stmt"/>
        <line num="979" count="1129" type="stmt"/>
        <line num="983" count="1131" type="cond" truecount="3" falsecount="1"/>
        <line num="987" count="432" type="cond" truecount="4" falsecount="0"/>
        <line num="988" count="1" type="stmt"/>
        <line num="990" count="431" type="cond" truecount="1" falsecount="1"/>
        <line num="991" count="0" type="stmt"/>
        <line num="993" count="431" type="stmt"/>
        <line num="997" count="359" type="cond" truecount="4" falsecount="0"/>
        <line num="998" count="1" type="stmt"/>
        <line num="1000" count="358" type="stmt"/>
        <line num="1011" count="1801" type="cond" truecount="1" falsecount="1"/>
        <line num="1012" count="0" type="stmt"/>
        <line num="1014" count="1801" type="stmt"/>
        <line num="1015" count="1801" type="cond" truecount="4" falsecount="0"/>
        <line num="1016" count="5" type="stmt"/>
        <line num="1018" count="1796" type="stmt"/>
        <line num="1022" count="356" type="cond" truecount="2" falsecount="0"/>
        <line num="1023" count="12" type="stmt"/>
        <line num="1025" count="344" type="stmt"/>
        <line num="1026" count="344" type="stmt"/>
        <line num="1034" count="353" type="stmt"/>
        <line num="1035" count="353" type="stmt"/>
        <line num="1036" count="353" type="stmt"/>
        <line num="1037" count="353" type="stmt"/>
        <line num="1038" count="353" type="cond" truecount="1" falsecount="1"/>
        <line num="1044" count="0" type="stmt"/>
        <line num="1048" count="353" type="cond" truecount="4" falsecount="0"/>
        <line num="1049" count="2" type="stmt"/>
        <line num="1054" count="351" type="stmt"/>
        <line num="1055" count="351" type="stmt"/>
        <line num="1056" count="351" type="stmt"/>
      </file>
    </package>
  </project>
</coverage>
