{
  "C:\\Users\\abina\\Desktop\\Local-ERP\\coffer\\src\\main\\domain\\money\\allocate.ts": {
    "path": "C:\\Users\\abina\\Desktop\\Local-ERP\\coffer\\src\\main\\domain\\money\\allocate.ts",
    "statementMap": {
      "0": { "start": { "line": 39, "column": 37 }, "end": { "line": 39, "column": null } },
      "1": { "start": { "line": 51, "column": 2 }, "end": { "line": 56, "column": null } },
      "2": { "start": { "line": 52, "column": 4 }, "end": { "line": 55, "column": null } },
      "3": { "start": { "line": 57, "column": 2 }, "end": { "line": 57, "column": null } },
      "4": { "start": { "line": 73, "column": 16 }, "end": { "line": 73, "column": null } },
      "5": { "start": { "line": 75, "column": 2 }, "end": { "line": 77, "column": null } },
      "6": { "start": { "line": 76, "column": 4 }, "end": { "line": 76, "column": null } },
      "7": { "start": { "line": 79, "column": 24 }, "end": { "line": 94, "column": null } },
      "8": { "start": { "line": 80, "column": 10 }, "end": { "line": 80, "column": null } },
      "9": { "start": { "line": 81, "column": 4 }, "end": { "line": 86, "column": null } },
      "10": { "start": { "line": 82, "column": 6 }, "end": { "line": 85, "column": null } },
      "11": { "start": { "line": 87, "column": 4 }, "end": { "line": 92, "column": null } },
      "12": { "start": { "line": 88, "column": 6 }, "end": { "line": 91, "column": null } },
      "13": { "start": { "line": 93, "column": 4 }, "end": { "line": 93, "column": null } },
      "14": { "start": { "line": 96, "column": 8 }, "end": { "line": 96, "column": null } },
      "15": { "start": { "line": 97, "column": 2 }, "end": { "line": 99, "column": null } },
      "16": { "start": { "line": 98, "column": 4 }, "end": { "line": 98, "column": null } },
      "17": { "start": { "line": 104, "column": 8 }, "end": { "line": 104, "column": null } },
      "18": { "start": { "line": 105, "column": 8 }, "end": { "line": 105, "column": null } },
      "19": { "start": { "line": 106, "column": 8 }, "end": { "line": 106, "column": null } },
      "20": { "start": { "line": 108, "column": 28 }, "end": { "line": 108, "column": null } },
      "21": { "start": { "line": 109, "column": 62 }, "end": { "line": 109, "column": null } },
      "22": { "start": { "line": 111, "column": 2 }, "end": { "line": 117, "column": null } },
      "23": { "start": { "line": 112, "column": 23 }, "end": { "line": 112, "column": null } },
      "24": { "start": { "line": 114, "column": 18 }, "end": { "line": 114, "column": null } },
      "25": { "start": { "line": 115, "column": 4 }, "end": { "line": 115, "column": null } },
      "26": { "start": { "line": 116, "column": 4 }, "end": { "line": 116, "column": null } },
      "27": { "start": { "line": 119, "column": 18 }, "end": { "line": 119, "column": null } },
      "28": { "start": { "line": 120, "column": 16 }, "end": { "line": 120, "column": null } },
      "29": { "start": { "line": 122, "column": 2 }, "end": { "line": 128, "column": null } },
      "30": { "start": { "line": 124, "column": 4 }, "end": { "line": 127, "column": null } },
      "31": { "start": { "line": 131, "column": 16 }, "end": { "line": 133, "column": null } },
      "32": { "start": { "line": 132, "column": 14 }, "end": { "line": 132, "column": null } },
      "33": { "start": { "line": 134, "column": 20 }, "end": { "line": 134, "column": null } },
      "34": { "start": { "line": 135, "column": 17 }, "end": { "line": 135, "column": null } },
      "35": { "start": { "line": 135, "column": 62 }, "end": { "line": 135, "column": 73 } },
      "36": { "start": { "line": 137, "column": 20 }, "end": { "line": 139, "column": null } },
      "37": { "start": { "line": 138, "column": 4 }, "end": { "line": 138, "column": null } },
      "38": { "start": { "line": 141, "column": 2 }, "end": { "line": 147, "column": null } },
      "39": { "start": { "line": 143, "column": 4 }, "end": { "line": 146, "column": null } },
      "40": { "start": { "line": 149, "column": 2 }, "end": { "line": 149, "column": null } }
    },
    "fnMap": {
      "0": {
        "name": "allocate",
        "decl": { "start": { "line": 46, "column": 16 }, "end": { "line": 46, "column": null } },
        "loc": { "start": { "line": 50, "column": 13 }, "end": { "line": 58, "column": null } },
        "line": 50
      },
      "1": {
        "name": "allocateByWeights",
        "decl": { "start": { "line": 68, "column": 16 }, "end": { "line": 68, "column": null } },
        "loc": { "start": { "line": 72, "column": 13 }, "end": { "line": 150, "column": null } },
        "line": 72
      },
      "2": {
        "name": "(anonymous_2)",
        "decl": { "start": { "line": 79, "column": 36 }, "end": { "line": 79, "column": 37 } },
        "loc": { "start": { "line": 79, "column": 55 }, "end": { "line": 94, "column": 3 } },
        "line": 79
      },
      "3": {
        "name": "(anonymous_3)",
        "decl": { "start": { "line": 111, "column": 24 }, "end": { "line": 111, "column": 25 } },
        "loc": { "start": { "line": 111, "column": 43 }, "end": { "line": 117, "column": 3 } },
        "line": 111
      },
      "4": {
        "name": "(anonymous_4)",
        "decl": { "start": { "line": 132, "column": 4 }, "end": { "line": 132, "column": 5 } },
        "loc": { "start": { "line": 132, "column": 14 }, "end": { "line": 132, "column": null } },
        "line": 132
      },
      "5": {
        "name": "(anonymous_5)",
        "decl": { "start": { "line": 135, "column": 51 }, "end": { "line": 135, "column": 52 } },
        "loc": { "start": { "line": 135, "column": 62 }, "end": { "line": 135, "column": 73 } },
        "line": 135
      },
      "6": {
        "name": "(anonymous_6)",
        "decl": { "start": { "line": 137, "column": 31 }, "end": { "line": 137, "column": 32 } },
        "loc": { "start": { "line": 138, "column": 4 }, "end": { "line": 138, "column": null } },
        "line": 138
      }
    },
    "branchMap": {
      "0": {
        "loc": { "start": { "line": 49, "column": 2 }, "end": { "line": 49, "column": null } },
        "type": "default-arg",
        "locations": [
          { "start": { "line": 49, "column": 31 }, "end": { "line": 49, "column": null } }
        ],
        "line": 49
      },
      "1": {
        "loc": { "start": { "line": 51, "column": 2 }, "end": { "line": 56, "column": null } },
        "type": "if",
        "locations": [
          { "start": { "line": 51, "column": 2 }, "end": { "line": 56, "column": null } },
          { "start": {}, "end": {} }
        ],
        "line": 51
      },
      "2": {
        "loc": { "start": { "line": 51, "column": 6 }, "end": { "line": 51, "column": 49 } },
        "type": "binary-expr",
        "locations": [
          { "start": { "line": 51, "column": 6 }, "end": { "line": 51, "column": 38 } },
          { "start": { "line": 51, "column": 38 }, "end": { "line": 51, "column": 49 } }
        ],
        "line": 51
      },
      "3": {
        "loc": { "start": { "line": 71, "column": 2 }, "end": { "line": 71, "column": null } },
        "type": "default-arg",
        "locations": [
          { "start": { "line": 71, "column": 31 }, "end": { "line": 71, "column": null } }
        ],
        "line": 71
      },
      "4": {
        "loc": { "start": { "line": 73, "column": 16 }, "end": { "line": 73, "column": null } },
        "type": "binary-expr",
        "locations": [
          { "start": { "line": 73, "column": 16 }, "end": { "line": 73, "column": 33 } },
          { "start": { "line": 73, "column": 33 }, "end": { "line": 73, "column": null } }
        ],
        "line": 73
      },
      "5": {
        "loc": { "start": { "line": 75, "column": 2 }, "end": { "line": 77, "column": null } },
        "type": "if",
        "locations": [
          { "start": { "line": 75, "column": 2 }, "end": { "line": 77, "column": null } },
          { "start": {}, "end": {} }
        ],
        "line": 75
      },
      "6": {
        "loc": { "start": { "line": 81, "column": 4 }, "end": { "line": 86, "column": null } },
        "type": "if",
        "locations": [
          { "start": { "line": 81, "column": 4 }, "end": { "line": 86, "column": null } },
          { "start": {}, "end": {} }
        ],
        "line": 81
      },
      "7": {
        "loc": { "start": { "line": 87, "column": 4 }, "end": { "line": 92, "column": null } },
        "type": "if",
        "locations": [
          { "start": { "line": 87, "column": 4 }, "end": { "line": 92, "column": null } },
          { "start": {}, "end": {} }
        ],
        "line": 87
      },
      "8": {
        "loc": { "start": { "line": 87, "column": 8 }, "end": { "line": 87, "column": 47 } },
        "type": "binary-expr",
        "locations": [
          { "start": { "line": 87, "column": 8 }, "end": { "line": 87, "column": 30 } },
          { "start": { "line": 87, "column": 30 }, "end": { "line": 87, "column": 47 } }
        ],
        "line": 87
      },
      "9": {
        "loc": { "start": { "line": 97, "column": 2 }, "end": { "line": 99, "column": null } },
        "type": "if",
        "locations": [
          { "start": { "line": 97, "column": 2 }, "end": { "line": 99, "column": null } },
          { "start": {}, "end": {} }
        ],
        "line": 97
      },
      "10": {
        "loc": { "start": { "line": 122, "column": 2 }, "end": { "line": 128, "column": null } },
        "type": "if",
        "locations": [
          { "start": { "line": 122, "column": 2 }, "end": { "line": 128, "column": null } },
          { "start": {}, "end": {} }
        ],
        "line": 122
      },
      "11": {
        "loc": { "start": { "line": 122, "column": 6 }, "end": { "line": 122, "column": 62 } },
        "type": "binary-expr",
        "locations": [
          { "start": { "line": 122, "column": 6 }, "end": { "line": 122, "column": 38 } },
          { "start": { "line": 122, "column": 38 }, "end": { "line": 122, "column": 62 } }
        ],
        "line": 122
      },
      "12": {
        "loc": { "start": { "line": 132, "column": 14 }, "end": { "line": 132, "column": null } },
        "type": "binary-expr",
        "locations": [
          { "start": { "line": 132, "column": 14 }, "end": { "line": 132, "column": 53 } },
          { "start": { "line": 132, "column": 53 }, "end": { "line": 132, "column": null } }
        ],
        "line": 132
      },
      "13": {
        "loc": { "start": { "line": 134, "column": 20 }, "end": { "line": 134, "column": null } },
        "type": "cond-expr",
        "locations": [
          { "start": { "line": 134, "column": 43 }, "end": { "line": 134, "column": 60 } },
          { "start": { "line": 134, "column": 60 }, "end": { "line": 134, "column": null } }
        ],
        "line": 134
      },
      "14": {
        "loc": { "start": { "line": 138, "column": 4 }, "end": { "line": 138, "column": null } },
        "type": "cond-expr",
        "locations": [
          { "start": { "line": 138, "column": 24 }, "end": { "line": 138, "column": 48 } },
          { "start": { "line": 138, "column": 48 }, "end": { "line": 138, "column": null } }
        ],
        "line": 138
      },
      "15": {
        "loc": { "start": { "line": 141, "column": 2 }, "end": { "line": 147, "column": null } },
        "type": "if",
        "locations": [
          { "start": { "line": 141, "column": 2 }, "end": { "line": 147, "column": null } },
          { "start": {}, "end": {} }
        ],
        "line": 141
      }
    },
    "s": {
      "0": 6,
      "1": 225,
      "2": 6,
      "3": 219,
      "4": 579,
      "5": 579,
      "6": 1,
      "7": 578,
      "8": 3437,
      "9": 3437,
      "10": 0,
      "11": 3437,
      "12": 1,
      "13": 3436,
      "14": 578,
      "15": 578,
      "16": 1,
      "17": 576,
      "18": 576,
      "19": 576,
      "20": 576,
      "21": 576,
      "22": 576,
      "23": 3430,
      "24": 3430,
      "25": 3430,
      "26": 3430,
      "27": 576,
      "28": 576,
      "29": 576,
      "30": 0,
      "31": 575,
      "32": 2861,
      "33": 575,
      "34": 579,
      "35": 760,
      "36": 579,
      "37": 3430,
      "38": 579,
      "39": 0,
      "40": 575
    },
    "f": { "0": 225, "1": 579, "2": 3437, "3": 3430, "4": 2861, "5": 760, "6": 3430 },
    "b": {
      "0": [225],
      "1": [6, 219],
      "2": [225, 221],
      "3": [579],
      "4": [579, 573],
      "5": [1, 578],
      "6": [0, 3437],
      "7": [1, 3436],
      "8": [3437, 1],
      "9": [1, 577],
      "10": [0, 576],
      "11": [576, 575],
      "12": [2861, 2829],
      "13": [39, 536],
      "14": [760, 2670],
      "15": [0, 579]
    },
    "meta": {
      "lastBranch": 16,
      "lastFunction": 7,
      "lastStatement": 41,
      "seen": {
        "s:39:37:39:Infinity": 0,
        "f:46:16:46:Infinity": 0,
        "b:49:31:49:Infinity": 0,
        "b:51:2:56:Infinity:undefined:undefined:undefined:undefined": 1,
        "s:51:2:56:Infinity": 1,
        "b:51:6:51:38:51:38:51:49": 2,
        "s:52:4:55:Infinity": 2,
        "s:57:2:57:Infinity": 3,
        "f:68:16:68:Infinity": 1,
        "b:71:31:71:Infinity": 3,
        "s:73:16:73:Infinity": 4,
        "b:73:16:73:33:73:33:73:Infinity": 4,
        "b:75:2:77:Infinity:undefined:undefined:undefined:undefined": 5,
        "s:75:2:77:Infinity": 5,
        "s:76:4:76:Infinity": 6,
        "s:79:24:94:Infinity": 7,
        "f:79:36:79:37": 2,
        "s:80:10:80:Infinity": 8,
        "b:81:4:86:Infinity:undefined:undefined:undefined:undefined": 6,
        "s:81:4:86:Infinity": 9,
        "s:82:6:85:Infinity": 10,
        "b:87:4:92:Infinity:undefined:undefined:undefined:undefined": 7,
        "s:87:4:92:Infinity": 11,
        "b:87:8:87:30:87:30:87:47": 8,
        "s:88:6:91:Infinity": 12,
        "s:93:4:93:Infinity": 13,
        "s:96:8:96:Infinity": 14,
        "b:97:2:99:Infinity:undefined:undefined:undefined:undefined": 9,
        "s:97:2:99:Infinity": 15,
        "s:98:4:98:Infinity": 16,
        "s:104:8:104:Infinity": 17,
        "s:105:8:105:Infinity": 18,
        "s:106:8:106:Infinity": 19,
        "s:108:28:108:Infinity": 20,
        "s:109:62:109:Infinity": 21,
        "s:111:2:117:Infinity": 22,
        "f:111:24:111:25": 3,
        "s:112:23:112:Infinity": 23,
        "s:114:18:114:Infinity": 24,
        "s:115:4:115:Infinity": 25,
        "s:116:4:116:Infinity": 26,
        "s:119:18:119:Infinity": 27,
        "s:120:16:120:Infinity": 28,
        "b:122:2:128:Infinity:undefined:undefined:undefined:undefined": 10,
        "s:122:2:128:Infinity": 29,
        "b:122:6:122:38:122:38:122:62": 11,
        "s:124:4:127:Infinity": 30,
        "s:131:16:133:Infinity": 31,
        "f:132:4:132:5": 4,
        "s:132:14:132:Infinity": 32,
        "b:132:14:132:53:132:53:132:Infinity": 12,
        "s:134:20:134:Infinity": 33,
        "b:134:43:134:60:134:60:134:Infinity": 13,
        "s:135:17:135:Infinity": 34,
        "f:135:51:135:52": 5,
        "s:135:62:135:73": 35,
        "s:137:20:139:Infinity": 36,
        "f:137:31:137:32": 6,
        "s:138:4:138:Infinity": 37,
        "b:138:24:138:48:138:48:138:Infinity": 14,
        "b:141:2:147:Infinity:undefined:undefined:undefined:undefined": 15,
        "s:141:2:147:Infinity": 38,
        "s:143:4:146:Infinity": 39,
        "s:149:2:149:Infinity": 40
      },
      "fnNames": {}
    }
  },
  "C:\\Users\\abina\\Desktop\\Local-ERP\\coffer\\src\\main\\domain\\money\\arithmetic.ts": {
    "path": "C:\\Users\\abina\\Desktop\\Local-ERP\\coffer\\src\\main\\domain\\money\\arithmetic.ts",
    "statementMap": {
      "0": { "start": { "line": 21, "column": 14 }, "end": { "line": 21, "column": null } },
      "1": { "start": { "line": 22, "column": 2 }, "end": { "line": 24, "column": null } },
      "2": { "start": { "line": 23, "column": 4 }, "end": { "line": 23, "column": null } },
      "3": { "start": { "line": 25, "column": 2 }, "end": { "line": 25, "column": null } },
      "4": { "start": { "line": 30, "column": 2 }, "end": { "line": 30, "column": null } },
      "5": { "start": { "line": 35, "column": 2 }, "end": { "line": 35, "column": null } },
      "6": { "start": { "line": 40, "column": 2 }, "end": { "line": 40, "column": null } },
      "7": { "start": { "line": 45, "column": 2 }, "end": { "line": 45, "column": null } },
      "8": { "start": { "line": 50, "column": 8 }, "end": { "line": 50, "column": null } },
      "9": { "start": { "line": 51, "column": 8 }, "end": { "line": 51, "column": null } },
      "10": { "start": { "line": 52, "column": 2 }, "end": { "line": 52, "column": null } },
      "11": { "start": { "line": 57, "column": 8 }, "end": { "line": 57, "column": null } },
      "12": { "start": { "line": 58, "column": 8 }, "end": { "line": 58, "column": null } },
      "13": { "start": { "line": 59, "column": 2 }, "end": { "line": 59, "column": null } },
      "14": { "start": { "line": 64, "column": 2 }, "end": { "line": 64, "column": null } },
      "15": { "start": { "line": 79, "column": 2 }, "end": { "line": 79, "column": null } },
      "16": { "start": { "line": 88, "column": 8 }, "end": { "line": 88, "column": null } },
      "17": { "start": { "line": 89, "column": 2 }, "end": { "line": 91, "column": null } },
      "18": { "start": { "line": 90, "column": 4 }, "end": { "line": 90, "column": null } },
      "19": { "start": { "line": 92, "column": 2 }, "end": { "line": 92, "column": null } }
    },
    "fnMap": {
      "0": {
        "name": "sum",
        "decl": { "start": { "line": 20, "column": 16 }, "end": { "line": 20, "column": 20 } },
        "loc": { "start": { "line": 20, "column": 61 }, "end": { "line": 26, "column": null } },
        "line": 20
      },
      "1": {
        "name": "subtractAll",
        "decl": { "start": { "line": 29, "column": 16 }, "end": { "line": 29, "column": 28 } },
        "loc": { "start": { "line": 29, "column": 93 }, "end": { "line": 31, "column": null } },
        "line": 29
      },
      "2": {
        "name": "multiply",
        "decl": { "start": { "line": 34, "column": 16 }, "end": { "line": 34, "column": 25 } },
        "loc": { "start": { "line": 34, "column": 68 }, "end": { "line": 36, "column": null } },
        "line": 34
      },
      "3": {
        "name": "compare",
        "decl": { "start": { "line": 39, "column": 16 }, "end": { "line": 39, "column": 24 } },
        "loc": { "start": { "line": 39, "column": 70 }, "end": { "line": 41, "column": null } },
        "line": 39
      },
      "4": {
        "name": "equals",
        "decl": { "start": { "line": 44, "column": 16 }, "end": { "line": 44, "column": 23 } },
        "loc": { "start": { "line": 44, "column": 66 }, "end": { "line": 46, "column": null } },
        "line": 44
      },
      "5": {
        "name": "max",
        "decl": { "start": { "line": 49, "column": 16 }, "end": { "line": 49, "column": 20 } },
        "loc": { "start": { "line": 49, "column": 63 }, "end": { "line": 53, "column": null } },
        "line": 49
      },
      "6": {
        "name": "min",
        "decl": { "start": { "line": 56, "column": 16 }, "end": { "line": 56, "column": 20 } },
        "loc": { "start": { "line": 56, "column": 63 }, "end": { "line": 60, "column": null } },
        "line": 56
      },
      "7": {
        "name": "clamp",
        "decl": { "start": { "line": 63, "column": 16 }, "end": { "line": 63, "column": 22 } },
        "loc": { "start": { "line": 63, "column": 94 }, "end": { "line": 65, "column": null } },
        "line": 63
      },
      "8": {
        "name": "percentOf",
        "decl": { "start": { "line": 78, "column": 16 }, "end": { "line": 78, "column": 26 } },
        "loc": { "start": { "line": 78, "column": 82 }, "end": { "line": 80, "column": null } },
        "line": 78
      },
      "9": {
        "name": "percentageRate",
        "decl": { "start": { "line": 87, "column": 16 }, "end": { "line": 87, "column": 31 } },
        "loc": { "start": { "line": 87, "column": 83 }, "end": { "line": 93, "column": null } },
        "line": 87
      }
    },
    "branchMap": {
      "0": {
        "loc": { "start": { "line": 52, "column": 9 }, "end": { "line": 52, "column": null } },
        "type": "cond-expr",
        "locations": [
          { "start": { "line": 52, "column": 35 }, "end": { "line": 52, "column": 42 } },
          { "start": { "line": 52, "column": 42 }, "end": { "line": 52, "column": null } }
        ],
        "line": 52
      },
      "1": {
        "loc": { "start": { "line": 59, "column": 9 }, "end": { "line": 59, "column": null } },
        "type": "cond-expr",
        "locations": [
          { "start": { "line": 59, "column": 32 }, "end": { "line": 59, "column": 39 } },
          { "start": { "line": 59, "column": 39 }, "end": { "line": 59, "column": null } }
        ],
        "line": 59
      },
      "2": {
        "loc": { "start": { "line": 89, "column": 2 }, "end": { "line": 91, "column": null } },
        "type": "if",
        "locations": [
          { "start": { "line": 89, "column": 2 }, "end": { "line": 91, "column": null } },
          { "start": {}, "end": {} }
        ],
        "line": 89
      }
    },
    "s": {
      "0": 2851,
      "1": 2851,
      "2": 12717,
      "3": 2850,
      "4": 2,
      "5": 2,
      "6": 18,
      "7": 47,
      "8": 5,
      "9": 5,
      "10": 5,
      "11": 5,
      "12": 5,
      "13": 5,
      "14": 3,
      "15": 463,
      "16": 4,
      "17": 4,
      "18": 1,
      "19": 3
    },
    "f": { "0": 2851, "1": 2, "2": 2, "3": 18, "4": 47, "5": 5, "6": 5, "7": 3, "8": 463, "9": 4 },
    "b": { "0": [2, 3], "1": [3, 2], "2": [1, 3] },
    "meta": {
      "lastBranch": 3,
      "lastFunction": 10,
      "lastStatement": 20,
      "seen": {
        "f:20:16:20:20": 0,
        "s:21:14:21:Infinity": 0,
        "s:22:2:24:Infinity": 1,
        "s:23:4:23:Infinity": 2,
        "s:25:2:25:Infinity": 3,
        "f:29:16:29:28": 1,
        "s:30:2:30:Infinity": 4,
        "f:34:16:34:25": 2,
        "s:35:2:35:Infinity": 5,
        "f:39:16:39:24": 3,
        "s:40:2:40:Infinity": 6,
        "f:44:16:44:23": 4,
        "s:45:2:45:Infinity": 7,
        "f:49:16:49:20": 5,
        "s:50:8:50:Infinity": 8,
        "s:51:8:51:Infinity": 9,
        "s:52:2:52:Infinity": 10,
        "b:52:35:52:42:52:42:52:Infinity": 0,
        "f:56:16:56:20": 6,
        "s:57:8:57:Infinity": 11,
        "s:58:8:58:Infinity": 12,
        "s:59:2:59:Infinity": 13,
        "b:59:32:59:39:59:39:59:Infinity": 1,
        "f:63:16:63:22": 7,
        "s:64:2:64:Infinity": 14,
        "f:78:16:78:26": 8,
        "s:79:2:79:Infinity": 15,
        "f:87:16:87:31": 9,
        "s:88:8:88:Infinity": 16,
        "b:89:2:91:Infinity:undefined:undefined:undefined:undefined": 2,
        "s:89:2:91:Infinity": 17,
        "s:90:4:90:Infinity": 18,
        "s:92:2:92:Infinity": 19
      },
      "fnNames": {}
    }
  },
  "C:\\Users\\abina\\Desktop\\Local-ERP\\coffer\\src\\main\\domain\\money\\decimal.ts": {
    "path": "C:\\Users\\abina\\Desktop\\Local-ERP\\coffer\\src\\main\\domain\\money\\decimal.ts",
    "statementMap": {
      "0": { "start": { "line": 31, "column": 25 }, "end": { "line": 31, "column": null } },
      "1": { "start": { "line": 37, "column": 23 }, "end": { "line": 42, "column": null } },
      "2": { "start": { "line": 75, "column": 4 }, "end": { "line": 75, "column": null } },
      "3": { "start": { "line": 76, "column": 4 }, "end": { "line": 76, "column": null } },
      "4": { "start": { "line": 77, "column": 4 }, "end": { "line": 77, "column": null } },
      "5": { "start": { "line": 88, "column": 38 }, "end": { "line": 88, "column": null } },
      "6": { "start": { "line": 92, "column": 2 }, "end": { "line": 92, "column": null } },
      "7": { "start": { "line": 97, "column": 2 }, "end": { "line": 97, "column": null } },
      "8": { "start": { "line": 109, "column": 2 }, "end": { "line": 117, "column": null } },
      "9": { "start": { "line": 110, "column": 4 }, "end": { "line": 115, "column": null } },
      "10": { "start": { "line": 111, "column": 6 }, "end": { "line": 114, "column": null } },
      "11": { "start": { "line": 116, "column": 4 }, "end": { "line": 116, "column": null } },
      "12": { "start": { "line": 119, "column": 2 }, "end": { "line": 136, "column": null } },
      "13": { "start": { "line": 120, "column": 4 }, "end": { "line": 122, "column": null } },
      "14": { "start": { "line": 121, "column": 6 }, "end": { "line": 121, "column": null } },
      "15": { "start": { "line": 123, "column": 4 }, "end": { "line": 128, "column": null } },
      "16": { "start": { "line": 124, "column": 6 }, "end": { "line": 127, "column": null } },
      "17": { "start": { "line": 129, "column": 4 }, "end": { "line": 134, "column": null } },
      "18": { "start": { "line": 130, "column": 6 }, "end": { "line": 133, "column": null } },
      "19": { "start": { "line": 135, "column": 4 }, "end": { "line": 135, "column": null } },
      "20": { "start": { "line": 138, "column": 2 }, "end": { "line": 140, "column": null } },
      "21": { "start": { "line": 139, "column": 4 }, "end": { "line": 139, "column": null } },
      "22": { "start": { "line": 142, "column": 2 }, "end": { "line": 144, "column": null } },
      "23": { "start": { "line": 143, "column": 4 }, "end": { "line": 143, "column": null } },
      "24": { "start": { "line": 146, "column": 2 }, "end": { "line": 146, "column": null } },
      "25": { "start": { "line": 149, "column": 20 }, "end": { "line": 149, "column": null } },
      "26": { "start": { "line": 150, "column": 19 }, "end": { "line": 150, "column": null } },
      "27": { "start": { "line": 151, "column": 23 }, "end": { "line": 151, "column": null } },
      "28": { "start": { "line": 155, "column": 2 }, "end": { "line": 157, "column": null } },
      "29": { "start": { "line": 156, "column": 4 }, "end": { "line": 156, "column": null } },
      "30": { "start": { "line": 158, "column": 2 }, "end": { "line": 158, "column": null } },
      "31": { "start": { "line": 163, "column": 18 }, "end": { "line": 163, "column": null } },
      "32": { "start": { "line": 164, "column": 2 }, "end": { "line": 169, "column": null } },
      "33": { "start": { "line": 165, "column": 4 }, "end": { "line": 168, "column": null } },
      "34": { "start": { "line": 170, "column": 2 }, "end": { "line": 170, "column": null } },
      "35": { "start": { "line": 180, "column": 2 }, "end": { "line": 180, "column": null } }
    },
    "fnMap": {
      "0": {
        "name": "constructor",
        "decl": { "start": { "line": 74, "column": 2 }, "end": { "line": 74, "column": 14 } },
        "loc": { "start": { "line": 74, "column": 53 }, "end": { "line": 78, "column": null } },
        "line": 74
      },
      "1": {
        "name": "isDecimalString",
        "decl": { "start": { "line": 91, "column": 16 }, "end": { "line": 91, "column": 32 } },
        "loc": { "start": { "line": 91, "column": 65 }, "end": { "line": 93, "column": null } },
        "line": 91
      },
      "2": {
        "name": "isDecimal",
        "decl": { "start": { "line": 96, "column": 16 }, "end": { "line": 96, "column": 26 } },
        "loc": { "start": { "line": 96, "column": 60 }, "end": { "line": 98, "column": null } },
        "line": 96
      },
      "3": {
        "name": "D",
        "decl": { "start": { "line": 108, "column": 16 }, "end": { "line": 108, "column": 18 } },
        "loc": { "start": { "line": 108, "column": 48 }, "end": { "line": 147, "column": null } },
        "line": 108
      },
      "4": {
        "name": "assertFinite",
        "decl": { "start": { "line": 154, "column": 16 }, "end": { "line": 154, "column": 29 } },
        "loc": { "start": { "line": 154, "column": 70 }, "end": { "line": 159, "column": null } },
        "line": 154
      },
      "5": {
        "name": "assertNonNegative",
        "decl": { "start": { "line": 162, "column": 16 }, "end": { "line": 162, "column": 34 } },
        "loc": { "start": { "line": 162, "column": 80 }, "end": { "line": 171, "column": null } },
        "line": 162
      },
      "6": {
        "name": "normaliseZero",
        "decl": { "start": { "line": 179, "column": 16 }, "end": { "line": 179, "column": 30 } },
        "loc": { "start": { "line": 179, "column": 55 }, "end": { "line": 181, "column": null } },
        "line": 179
      }
    },
    "branchMap": {
      "0": {
        "loc": { "start": { "line": 92, "column": 9 }, "end": { "line": 92, "column": null } },
        "type": "binary-expr",
        "locations": [
          { "start": { "line": 92, "column": 9 }, "end": { "line": 92, "column": 38 } },
          { "start": { "line": 92, "column": 38 }, "end": { "line": 92, "column": null } }
        ],
        "line": 92
      },
      "1": {
        "loc": { "start": { "line": 109, "column": 2 }, "end": { "line": 117, "column": null } },
        "type": "if",
        "locations": [
          { "start": { "line": 109, "column": 2 }, "end": { "line": 117, "column": null } },
          { "start": {}, "end": {} }
        ],
        "line": 109
      },
      "2": {
        "loc": { "start": { "line": 110, "column": 4 }, "end": { "line": 115, "column": null } },
        "type": "if",
        "locations": [
          { "start": { "line": 110, "column": 4 }, "end": { "line": 115, "column": null } },
          { "start": {}, "end": {} }
        ],
        "line": 110
      },
      "3": {
        "loc": { "start": { "line": 119, "column": 2 }, "end": { "line": 136, "column": null } },
        "type": "if",
        "locations": [
          { "start": { "line": 119, "column": 2 }, "end": { "line": 136, "column": null } },
          { "start": {}, "end": {} }
        ],
        "line": 119
      },
      "4": {
        "loc": { "start": { "line": 120, "column": 4 }, "end": { "line": 122, "column": null } },
        "type": "if",
        "locations": [
          { "start": { "line": 120, "column": 4 }, "end": { "line": 122, "column": null } },
          { "start": {}, "end": {} }
        ],
        "line": 120
      },
      "5": {
        "loc": { "start": { "line": 123, "column": 4 }, "end": { "line": 128, "column": null } },
        "type": "if",
        "locations": [
          { "start": { "line": 123, "column": 4 }, "end": { "line": 128, "column": null } },
          { "start": {}, "end": {} }
        ],
        "line": 123
      },
      "6": {
        "loc": { "start": { "line": 129, "column": 4 }, "end": { "line": 134, "column": null } },
        "type": "if",
        "locations": [
          { "start": { "line": 129, "column": 4 }, "end": { "line": 134, "column": null } },
          { "start": {}, "end": {} }
        ],
        "line": 129
      },
      "7": {
        "loc": { "start": { "line": 138, "column": 2 }, "end": { "line": 140, "column": null } },
        "type": "if",
        "locations": [
          { "start": { "line": 138, "column": 2 }, "end": { "line": 140, "column": null } },
          { "start": {}, "end": {} }
        ],
        "line": 138
      },
      "8": {
        "loc": { "start": { "line": 142, "column": 2 }, "end": { "line": 144, "column": null } },
        "type": "if",
        "locations": [
          { "start": { "line": 142, "column": 2 }, "end": { "line": 144, "column": null } },
          { "start": {}, "end": {} }
        ],
        "line": 142
      },
      "9": {
        "loc": { "start": { "line": 154, "column": 45 }, "end": { "line": 154, "column": 70 } },
        "type": "default-arg",
        "locations": [
          { "start": { "line": 154, "column": 52 }, "end": { "line": 154, "column": 70 } }
        ],
        "line": 154
      },
      "10": {
        "loc": { "start": { "line": 155, "column": 2 }, "end": { "line": 157, "column": null } },
        "type": "if",
        "locations": [
          { "start": { "line": 155, "column": 2 }, "end": { "line": 157, "column": null } },
          { "start": {}, "end": {} }
        ],
        "line": 155
      },
      "11": {
        "loc": { "start": { "line": 162, "column": 55 }, "end": { "line": 162, "column": 80 } },
        "type": "default-arg",
        "locations": [
          { "start": { "line": 162, "column": 62 }, "end": { "line": 162, "column": 80 } }
        ],
        "line": 162
      },
      "12": {
        "loc": { "start": { "line": 164, "column": 2 }, "end": { "line": 169, "column": null } },
        "type": "if",
        "locations": [
          { "start": { "line": 164, "column": 2 }, "end": { "line": 169, "column": null } },
          { "start": {}, "end": {} }
        ],
        "line": 164
      },
      "13": {
        "loc": { "start": { "line": 164, "column": 6 }, "end": { "line": 164, "column": 49 } },
        "type": "binary-expr",
        "locations": [
          { "start": { "line": 164, "column": 6 }, "end": { "line": 164, "column": 30 } },
          { "start": { "line": 164, "column": 30 }, "end": { "line": 164, "column": 49 } }
        ],
        "line": 164
      },
      "14": {
        "loc": { "start": { "line": 180, "column": 9 }, "end": { "line": 180, "column": null } },
        "type": "cond-expr",
        "locations": [
          { "start": { "line": 180, "column": 26 }, "end": { "line": 180, "column": 33 } },
          { "start": { "line": 180, "column": 33 }, "end": { "line": 180, "column": null } }
        ],
        "line": 180
      }
    },
    "s": {
      "0": 10,
      "1": 10,
      "2": 79,
      "3": 79,
      "4": 79,
      "5": 10,
      "6": 825,
      "7": 16448,
      "8": 22381,
      "9": 3079,
      "10": 12,
      "11": 3067,
      "12": 19302,
      "13": 2857,
      "14": 2,
      "15": 2855,
      "16": 6,
      "17": 2849,
      "18": 1,
      "19": 2848,
      "20": 16445,
      "21": 1,
      "22": 16444,
      "23": 3,
      "24": 16441,
      "25": 10,
      "26": 10,
      "27": 10,
      "28": 3325,
      "29": 2,
      "30": 3323,
      "31": 4,
      "32": 4,
      "33": 1,
      "34": 3,
      "35": 3803
    },
    "f": { "0": 79, "1": 825, "2": 16448, "3": 22381, "4": 3325, "5": 4, "6": 3803 },
    "b": {
      "0": [825, 819],
      "1": [3079, 19302],
      "2": [12, 3067],
      "3": [2857, 16445],
      "4": [2, 2855],
      "5": [6, 2849],
      "6": [1, 2848],
      "7": [1, 16444],
      "8": [3, 16441],
      "9": [3325],
      "10": [2, 3323],
      "11": [4],
      "12": [1, 3],
      "13": [4, 2],
      "14": [453, 3350]
    },
    "meta": {
      "lastBranch": 15,
      "lastFunction": 7,
      "lastStatement": 36,
      "seen": {
        "s:31:25:31:Infinity": 0,
        "s:37:23:42:Infinity": 1,
        "f:74:2:74:14": 0,
        "s:75:4:75:Infinity": 2,
        "s:76:4:76:Infinity": 3,
        "s:77:4:77:Infinity": 4,
        "s:88:38:88:Infinity": 5,
        "f:91:16:91:32": 1,
        "s:92:2:92:Infinity": 6,
        "b:92:9:92:38:92:38:92:Infinity": 0,
        "f:96:16:96:26": 2,
        "s:97:2:97:Infinity": 7,
        "f:108:16:108:18": 3,
        "b:109:2:117:Infinity:undefined:undefined:undefined:undefined": 1,
        "s:109:2:117:Infinity": 8,
        "b:110:4:115:Infinity:undefined:undefined:undefined:undefined": 2,
        "s:110:4:115:Infinity": 9,
        "s:111:6:114:Infinity": 10,
        "s:116:4:116:Infinity": 11,
        "b:119:2:136:Infinity:undefined:undefined:undefined:undefined": 3,
        "s:119:2:136:Infinity": 12,
        "b:120:4:122:Infinity:undefined:undefined:undefined:undefined": 4,
        "s:120:4:122:Infinity": 13,
        "s:121:6:121:Infinity": 14,
        "b:123:4:128:Infinity:undefined:undefined:undefined:undefined": 5,
        "s:123:4:128:Infinity": 15,
        "s:124:6:127:Infinity": 16,
        "b:129:4:134:Infinity:undefined:undefined:undefined:undefined": 6,
        "s:129:4:134:Infinity": 17,
        "s:130:6:133:Infinity": 18,
        "s:135:4:135:Infinity": 19,
        "b:138:2:140:Infinity:undefined:undefined:undefined:undefined": 7,
        "s:138:2:140:Infinity": 20,
        "s:139:4:139:Infinity": 21,
        "b:142:2:144:Infinity:undefined:undefined:undefined:undefined": 8,
        "s:142:2:144:Infinity": 22,
        "s:143:4:143:Infinity": 23,
        "s:146:2:146:Infinity": 24,
        "s:149:20:149:Infinity": 25,
        "s:150:19:150:Infinity": 26,
        "s:151:23:151:Infinity": 27,
        "f:154:16:154:29": 4,
        "b:154:52:154:70": 9,
        "b:155:2:157:Infinity:undefined:undefined:undefined:undefined": 10,
        "s:155:2:157:Infinity": 28,
        "s:156:4:156:Infinity": 29,
        "s:158:2:158:Infinity": 30,
        "f:162:16:162:34": 5,
        "b:162:62:162:80": 11,
        "s:163:18:163:Infinity": 31,
        "b:164:2:169:Infinity:undefined:undefined:undefined:undefined": 12,
        "s:164:2:169:Infinity": 32,
        "b:164:6:164:30:164:30:164:49": 13,
        "s:165:4:168:Infinity": 33,
        "s:170:2:170:Infinity": 34,
        "f:179:16:179:30": 6,
        "s:180:2:180:Infinity": 35,
        "b:180:26:180:33:180:33:180:Infinity": 14
      },
      "fnNames": {}
    }
  },
  "C:\\Users\\abina\\Desktop\\Local-ERP\\coffer\\src\\main\\domain\\money\\scale.ts": {
    "path": "C:\\Users\\abina\\Desktop\\Local-ERP\\coffer\\src\\main\\domain\\money\\scale.ts",
    "statementMap": {
      "0": { "start": { "line": 21, "column": 21 }, "end": { "line": 25, "column": null } },
      "1": { "start": { "line": 30, "column": 29 }, "end": { "line": 30, "column": null } },
      "2": { "start": { "line": 39, "column": 31 }, "end": { "line": 54, "column": null } },
      "3": { "start": { "line": 60, "column": 2 }, "end": { "line": 60, "column": null } },
      "4": { "start": { "line": 70, "column": 8 }, "end": { "line": 70, "column": null } },
      "5": { "start": { "line": 71, "column": 2 }, "end": { "line": 73, "column": null } },
      "6": { "start": { "line": 72, "column": 4 }, "end": { "line": 72, "column": null } },
      "7": { "start": { "line": 74, "column": 2 }, "end": { "line": 74, "column": null } },
      "8": { "start": { "line": 79, "column": 2 }, "end": { "line": 79, "column": null } },
      "9": { "start": { "line": 84, "column": 2 }, "end": { "line": 84, "column": null } },
      "10": { "start": { "line": 89, "column": 2 }, "end": { "line": 89, "column": null } },
      "11": { "start": { "line": 94, "column": 2 }, "end": { "line": 94, "column": null } },
      "12": { "start": { "line": 118, "column": 8 }, "end": { "line": 118, "column": null } },
      "13": { "start": { "line": 119, "column": 18 }, "end": { "line": 119, "column": null } },
      "14": { "start": { "line": 120, "column": 2 }, "end": { "line": 120, "column": null } }
    },
    "fnMap": {
      "0": {
        "name": "scaleOf",
        "decl": { "start": { "line": 59, "column": 16 }, "end": { "line": 59, "column": 24 } },
        "loc": { "start": { "line": 59, "column": 54 }, "end": { "line": 61, "column": null } },
        "line": 59
      },
      "1": {
        "name": "roundAt",
        "decl": { "start": { "line": 69, "column": 16 }, "end": { "line": 69, "column": 24 } },
        "loc": { "start": { "line": 69, "column": 76 }, "end": { "line": 75, "column": null } },
        "line": 69
      },
      "2": {
        "name": "roundMoney",
        "decl": { "start": { "line": 78, "column": 16 }, "end": { "line": 78, "column": 27 } },
        "loc": { "start": { "line": 78, "column": 57 }, "end": { "line": 80, "column": null } },
        "line": 78
      },
      "3": {
        "name": "roundQuantity",
        "decl": { "start": { "line": 83, "column": 16 }, "end": { "line": 83, "column": 30 } },
        "loc": { "start": { "line": 83, "column": 60 }, "end": { "line": 85, "column": null } },
        "line": 83
      },
      "4": {
        "name": "roundRate",
        "decl": { "start": { "line": 88, "column": 16 }, "end": { "line": 88, "column": 26 } },
        "loc": { "start": { "line": 88, "column": 56 }, "end": { "line": 90, "column": null } },
        "line": 88
      },
      "5": {
        "name": "unitAt",
        "decl": { "start": { "line": 93, "column": 16 }, "end": { "line": 93, "column": 23 } },
        "loc": { "start": { "line": 93, "column": 54 }, "end": { "line": 95, "column": null } },
        "line": 93
      },
      "6": {
        "name": "roundToWholeUnit",
        "decl": { "start": { "line": 117, "column": 16 }, "end": { "line": 117, "column": 33 } },
        "loc": { "start": { "line": 117, "column": 74 }, "end": { "line": 121, "column": null } },
        "line": 117
      }
    },
    "branchMap": {
      "0": {
        "loc": { "start": { "line": 71, "column": 2 }, "end": { "line": 73, "column": null } },
        "type": "if",
        "locations": [
          { "start": { "line": 71, "column": 2 }, "end": { "line": 73, "column": null } },
          { "start": {}, "end": {} }
        ],
        "line": 71
      }
    },
    "s": {
      "0": 9,
      "1": 9,
      "2": 9,
      "3": 7959,
      "4": 3785,
      "5": 3785,
      "6": 1,
      "7": 3783,
      "8": 113,
      "9": 1,
      "10": 1,
      "11": 578,
      "12": 18,
      "13": 18,
      "14": 18
    },
    "f": { "0": 7959, "1": 3785, "2": 113, "3": 1, "4": 1, "5": 578, "6": 18 },
    "b": { "0": [1, 3784] },
    "meta": {
      "lastBranch": 1,
      "lastFunction": 7,
      "lastStatement": 15,
      "seen": {
        "s:21:21:25:Infinity": 0,
        "s:30:29:30:Infinity": 1,
        "s:39:31:54:Infinity": 2,
        "f:59:16:59:24": 0,
        "s:60:2:60:Infinity": 3,
        "f:69:16:69:24": 1,
        "s:70:8:70:Infinity": 4,
        "b:71:2:73:Infinity:undefined:undefined:undefined:undefined": 0,
        "s:71:2:73:Infinity": 5,
        "s:72:4:72:Infinity": 6,
        "s:74:2:74:Infinity": 7,
        "f:78:16:78:27": 2,
        "s:79:2:79:Infinity": 8,
        "f:83:16:83:30": 3,
        "s:84:2:84:Infinity": 9,
        "f:88:16:88:26": 4,
        "s:89:2:89:Infinity": 10,
        "f:93:16:93:23": 5,
        "s:94:2:94:Infinity": 11,
        "f:117:16:117:33": 6,
        "s:118:8:118:Infinity": 12,
        "s:119:18:119:Infinity": 13,
        "s:120:2:120:Infinity": 14
      },
      "fnNames": {}
    }
  },
  "C:\\Users\\abina\\Desktop\\Local-ERP\\coffer\\src\\main\\domain\\money\\storage.ts": {
    "path": "C:\\Users\\abina\\Desktop\\Local-ERP\\coffer\\src\\main\\domain\\money\\storage.ts",
    "statementMap": {
      "0": { "start": { "line": 34, "column": 2 }, "end": { "line": 39, "column": null } },
      "1": { "start": { "line": 35, "column": 4 }, "end": { "line": 38, "column": null } },
      "2": { "start": { "line": 40, "column": 2 }, "end": { "line": 40, "column": null } },
      "3": { "start": { "line": 45, "column": 2 }, "end": { "line": 45, "column": null } },
      "4": { "start": { "line": 50, "column": 16 }, "end": { "line": 50, "column": null } },
      "5": { "start": { "line": 51, "column": 2 }, "end": { "line": 56, "column": null } },
      "6": { "start": { "line": 52, "column": 4 }, "end": { "line": 55, "column": null } },
      "7": { "start": { "line": 57, "column": 21 }, "end": { "line": 57, "column": null } },
      "8": { "start": { "line": 58, "column": 2 }, "end": { "line": 58, "column": null } },
      "9": { "start": { "line": 69, "column": 18 }, "end": { "line": 69, "column": null } },
      "10": { "start": { "line": 70, "column": 8 }, "end": { "line": 70, "column": null } },
      "11": { "start": { "line": 71, "column": 17 }, "end": { "line": 71, "column": null } },
      "12": { "start": { "line": 72, "column": 2 }, "end": { "line": 77, "column": null } },
      "13": { "start": { "line": 73, "column": 4 }, "end": { "line": 76, "column": null } },
      "14": { "start": { "line": 78, "column": 2 }, "end": { "line": 78, "column": null } },
      "15": { "start": { "line": 83, "column": 2 }, "end": { "line": 83, "column": null } },
      "16": { "start": { "line": 88, "column": 2 }, "end": { "line": 88, "column": null } },
      "17": { "start": { "line": 93, "column": 2 }, "end": { "line": 93, "column": null } },
      "18": { "start": { "line": 104, "column": 2 }, "end": { "line": 104, "column": null } },
      "19": { "start": { "line": 109, "column": 2 }, "end": { "line": 109, "column": null } },
      "20": { "start": { "line": 114, "column": 2 }, "end": { "line": 114, "column": null } },
      "21": { "start": { "line": 119, "column": 2 }, "end": { "line": 119, "column": null } }
    },
    "fnMap": {
      "0": {
        "name": "parseDecimalString",
        "decl": { "start": { "line": 33, "column": 16 }, "end": { "line": 33, "column": 35 } },
        "loc": { "start": { "line": 33, "column": 74 }, "end": { "line": 41, "column": null } },
        "line": 33
      },
      "1": {
        "name": "tryParseDecimalString",
        "decl": { "start": { "line": 44, "column": 16 }, "end": { "line": 44, "column": 38 } },
        "loc": { "start": { "line": 44, "column": 69 }, "end": { "line": 46, "column": null } },
        "line": 44
      },
      "2": {
        "name": "decimalPlacesIn",
        "decl": { "start": { "line": 49, "column": 16 }, "end": { "line": 49, "column": 32 } },
        "loc": { "start": { "line": 49, "column": 54 }, "end": { "line": 59, "column": null } },
        "line": 49
      },
      "3": {
        "name": "parseAt",
        "decl": { "start": { "line": 68, "column": 16 }, "end": { "line": 68, "column": 24 } },
        "loc": { "start": { "line": 68, "column": 85 }, "end": { "line": 79, "column": null } },
        "line": 68
      },
      "4": {
        "name": "parseMoney",
        "decl": { "start": { "line": 82, "column": 16 }, "end": { "line": 82, "column": 27 } },
        "loc": { "start": { "line": 82, "column": 66 }, "end": { "line": 84, "column": null } },
        "line": 82
      },
      "5": {
        "name": "parseQuantity",
        "decl": { "start": { "line": 87, "column": 16 }, "end": { "line": 87, "column": 30 } },
        "loc": { "start": { "line": 87, "column": 72 }, "end": { "line": 89, "column": null } },
        "line": 87
      },
      "6": {
        "name": "parseRate",
        "decl": { "start": { "line": 92, "column": 16 }, "end": { "line": 92, "column": 26 } },
        "loc": { "start": { "line": 92, "column": 64 }, "end": { "line": 94, "column": null } },
        "line": 92
      },
      "7": {
        "name": "toStorageString",
        "decl": { "start": { "line": 103, "column": 16 }, "end": { "line": 103, "column": 32 } },
        "loc": { "start": { "line": 103, "column": 90 }, "end": { "line": 105, "column": null } },
        "line": 103
      },
      "8": {
        "name": "toMoneyString",
        "decl": { "start": { "line": 108, "column": 16 }, "end": { "line": 108, "column": 30 } },
        "loc": { "start": { "line": 108, "column": 66 }, "end": { "line": 110, "column": null } },
        "line": 108
      },
      "9": {
        "name": "toQuantityString",
        "decl": { "start": { "line": 113, "column": 16 }, "end": { "line": 113, "column": 33 } },
        "loc": { "start": { "line": 113, "column": 69 }, "end": { "line": 115, "column": null } },
        "line": 113
      },
      "10": {
        "name": "toRateString",
        "decl": { "start": { "line": 118, "column": 16 }, "end": { "line": 118, "column": 29 } },
        "loc": { "start": { "line": 118, "column": 65 }, "end": { "line": 120, "column": null } },
        "line": 118
      }
    },
    "branchMap": {
      "0": {
        "loc": { "start": { "line": 33, "column": 49 }, "end": { "line": 33, "column": 74 } },
        "type": "default-arg",
        "locations": [
          { "start": { "line": 33, "column": 56 }, "end": { "line": 33, "column": 74 } }
        ],
        "line": 33
      },
      "1": {
        "loc": { "start": { "line": 34, "column": 2 }, "end": { "line": 39, "column": null } },
        "type": "if",
        "locations": [
          { "start": { "line": 34, "column": 2 }, "end": { "line": 39, "column": null } },
          { "start": {}, "end": {} }
        ],
        "line": 34
      },
      "2": {
        "loc": { "start": { "line": 45, "column": 2 }, "end": { "line": 45, "column": null } },
        "type": "cond-expr",
        "locations": [
          { "start": { "line": 45, "column": 29 }, "end": { "line": 45, "column": 43 } },
          { "start": { "line": 45, "column": 43 }, "end": { "line": 45, "column": null } }
        ],
        "line": 45
      },
      "3": {
        "loc": { "start": { "line": 51, "column": 2 }, "end": { "line": 56, "column": null } },
        "type": "if",
        "locations": [
          { "start": { "line": 51, "column": 2 }, "end": { "line": 56, "column": null } },
          { "start": {}, "end": {} }
        ],
        "line": 51
      },
      "4": {
        "loc": { "start": { "line": 58, "column": 9 }, "end": { "line": 58, "column": null } },
        "type": "cond-expr",
        "locations": [
          { "start": { "line": 58, "column": 29 }, "end": { "line": 58, "column": 33 } },
          { "start": { "line": 58, "column": 33 }, "end": { "line": 58, "column": null } }
        ],
        "line": 58
      },
      "5": {
        "loc": { "start": { "line": 68, "column": 60 }, "end": { "line": 68, "column": 85 } },
        "type": "default-arg",
        "locations": [
          { "start": { "line": 68, "column": 67 }, "end": { "line": 68, "column": 85 } }
        ],
        "line": 68
      },
      "6": {
        "loc": { "start": { "line": 72, "column": 2 }, "end": { "line": 77, "column": null } },
        "type": "if",
        "locations": [
          { "start": { "line": 72, "column": 2 }, "end": { "line": 77, "column": null } },
          { "start": {}, "end": {} }
        ],
        "line": 72
      },
      "7": {
        "loc": { "start": { "line": 82, "column": 41 }, "end": { "line": 82, "column": 66 } },
        "type": "default-arg",
        "locations": [
          { "start": { "line": 82, "column": 48 }, "end": { "line": 82, "column": 66 } }
        ],
        "line": 82
      },
      "8": {
        "loc": { "start": { "line": 87, "column": 44 }, "end": { "line": 87, "column": 72 } },
        "type": "default-arg",
        "locations": [
          { "start": { "line": 87, "column": 51 }, "end": { "line": 87, "column": 72 } }
        ],
        "line": 87
      },
      "9": {
        "loc": { "start": { "line": 92, "column": 40 }, "end": { "line": 92, "column": 64 } },
        "type": "default-arg",
        "locations": [
          { "start": { "line": 92, "column": 47 }, "end": { "line": 92, "column": 64 } }
        ],
        "line": 92
      }
    },
    "s": {
      "0": 749,
      "1": 27,
      "2": 722,
      "3": 35,
      "4": 736,
      "5": 736,
      "6": 1,
      "7": 735,
      "8": 735,
      "9": 713,
      "10": 713,
      "11": 713,
      "12": 713,
      "13": 14,
      "14": 698,
      "15": 343,
      "16": 2,
      "17": 342,
      "18": 2137,
      "19": 2115,
      "20": 2,
      "21": 2
    },
    "f": {
      "0": 749,
      "1": 35,
      "2": 736,
      "3": 713,
      "4": 343,
      "5": 2,
      "6": 342,
      "7": 2137,
      "8": 2115,
      "9": 2,
      "10": 2
    },
    "b": {
      "0": [749],
      "1": [27, 722],
      "2": [1, 34],
      "3": [1, 735],
      "4": [276, 459],
      "5": [713],
      "6": [14, 699],
      "7": [343],
      "8": [2],
      "9": [342]
    },
    "meta": {
      "lastBranch": 10,
      "lastFunction": 11,
      "lastStatement": 22,
      "seen": {
        "f:33:16:33:35": 0,
        "b:33:56:33:74": 0,
        "b:34:2:39:Infinity:undefined:undefined:undefined:undefined": 1,
        "s:34:2:39:Infinity": 0,
        "s:35:4:38:Infinity": 1,
        "s:40:2:40:Infinity": 2,
        "f:44:16:44:38": 1,
        "s:45:2:45:Infinity": 3,
        "b:45:29:45:43:45:43:45:Infinity": 2,
        "f:49:16:49:32": 2,
        "s:50:16:50:Infinity": 4,
        "b:51:2:56:Infinity:undefined:undefined:undefined:undefined": 3,
        "s:51:2:56:Infinity": 5,
        "s:52:4:55:Infinity": 6,
        "s:57:21:57:Infinity": 7,
        "s:58:2:58:Infinity": 8,
        "b:58:29:58:33:58:33:58:Infinity": 4,
        "f:68:16:68:24": 3,
        "b:68:67:68:85": 5,
        "s:69:18:69:Infinity": 9,
        "s:70:8:70:Infinity": 10,
        "s:71:17:71:Infinity": 11,
        "b:72:2:77:Infinity:undefined:undefined:undefined:undefined": 6,
        "s:72:2:77:Infinity": 12,
        "s:73:4:76:Infinity": 13,
        "s:78:2:78:Infinity": 14,
        "f:82:16:82:27": 4,
        "b:82:48:82:66": 7,
        "s:83:2:83:Infinity": 15,
        "f:87:16:87:30": 5,
        "b:87:51:87:72": 8,
        "s:88:2:88:Infinity": 16,
        "f:92:16:92:26": 6,
        "b:92:47:92:64": 9,
        "s:93:2:93:Infinity": 17,
        "f:103:16:103:32": 7,
        "s:104:2:104:Infinity": 18,
        "f:108:16:108:30": 8,
        "s:109:2:109:Infinity": 19,
        "f:113:16:113:33": 9,
        "s:114:2:114:Infinity": 20,
        "f:118:16:118:29": 10,
        "s:119:2:119:Infinity": 21
      },
      "fnNames": {}
    }
  },
  "C:\\Users\\abina\\Desktop\\Local-ERP\\coffer\\src\\main\\domain\\time\\calendar-date.ts": {
    "path": "C:\\Users\\abina\\Desktop\\Local-ERP\\coffer\\src\\main\\domain\\time\\calendar-date.ts",
    "statementMap": {
      "0": { "start": { "line": 28, "column": 4 }, "end": { "line": 28, "column": null } },
      "1": { "start": { "line": 29, "column": 4 }, "end": { "line": 29, "column": null } },
      "2": { "start": { "line": 30, "column": 4 }, "end": { "line": 30, "column": null } },
      "3": { "start": { "line": 46, "column": 28 }, "end": { "line": 46, "column": null } },
      "4": { "start": { "line": 48, "column": 17 }, "end": { "line": 48, "column": null } },
      "5": { "start": { "line": 49, "column": 17 }, "end": { "line": 49, "column": null } },
      "6": { "start": { "line": 52, "column": 2 }, "end": { "line": 52, "column": null } },
      "7": { "start": { "line": 57, "column": 15 }, "end": { "line": 57, "column": null } },
      "8": { "start": { "line": 60, "column": 2 }, "end": { "line": 60, "column": null } },
      "9": { "start": { "line": 61, "column": 2 }, "end": { "line": 61, "column": null } },
      "10": { "start": { "line": 72, "column": 16 }, "end": { "line": 72, "column": null } },
      "11": { "start": { "line": 73, "column": 2 }, "end": { "line": 78, "column": null } },
      "12": { "start": { "line": 74, "column": 4 }, "end": { "line": 77, "column": null } },
      "13": { "start": { "line": 80, "column": 15 }, "end": { "line": 80, "column": null } },
      "14": { "start": { "line": 81, "column": 16 }, "end": { "line": 81, "column": null } },
      "15": { "start": { "line": 82, "column": 14 }, "end": { "line": 82, "column": null } },
      "16": { "start": { "line": 84, "column": 2 }, "end": { "line": 86, "column": null } },
      "17": { "start": { "line": 85, "column": 4 }, "end": { "line": 85, "column": null } },
      "18": { "start": { "line": 87, "column": 2 }, "end": { "line": 89, "column": null } },
      "19": { "start": { "line": 88, "column": 4 }, "end": { "line": 88, "column": null } },
      "20": { "start": { "line": 90, "column": 2 }, "end": { "line": 92, "column": null } },
      "21": { "start": { "line": 91, "column": 4 }, "end": { "line": 91, "column": null } },
      "22": { "start": { "line": 94, "column": 2 }, "end": { "line": 94, "column": null } },
      "23": { "start": { "line": 99, "column": 2 }, "end": { "line": 101, "column": null } },
      "24": { "start": { "line": 100, "column": 4 }, "end": { "line": 100, "column": null } },
      "25": { "start": { "line": 102, "column": 2 }, "end": { "line": 107, "column": null } },
      "26": { "start": { "line": 103, "column": 4 }, "end": { "line": 103, "column": null } },
      "27": { "start": { "line": 104, "column": 4 }, "end": { "line": 104, "column": null } },
      "28": { "start": { "line": 106, "column": 4 }, "end": { "line": 106, "column": null } },
      "29": { "start": { "line": 112, "column": 2 }, "end": { "line": 112, "column": null } },
      "30": { "start": { "line": 117, "column": 2 }, "end": { "line": 119, "column": null } },
      "31": { "start": { "line": 118, "column": 4 }, "end": { "line": 118, "column": null } },
      "32": { "start": { "line": 120, "column": 2 }, "end": { "line": 122, "column": null } },
      "33": { "start": { "line": 121, "column": 4 }, "end": { "line": 121, "column": null } },
      "34": { "start": { "line": 123, "column": 2 }, "end": { "line": 123, "column": null } },
      "35": { "start": { "line": 128, "column": 31 }, "end": { "line": 128, "column": null } },
      "36": { "start": { "line": 129, "column": 2 }, "end": { "line": 129, "column": null } },
      "37": { "start": { "line": 133, "column": 17 }, "end": { "line": 133, "column": null } },
      "38": { "start": { "line": 134, "column": 2 }, "end": { "line": 138, "column": null } },
      "39": { "start": { "line": 143, "column": 2 }, "end": { "line": 145, "column": null } },
      "40": { "start": { "line": 144, "column": 4 }, "end": { "line": 144, "column": null } },
      "41": { "start": { "line": 146, "column": 2 }, "end": { "line": 146, "column": null } },
      "42": { "start": { "line": 158, "column": 2 }, "end": { "line": 160, "column": null } },
      "43": { "start": { "line": 159, "column": 4 }, "end": { "line": 159, "column": null } },
      "44": { "start": { "line": 161, "column": 31 }, "end": { "line": 161, "column": null } },
      "45": { "start": { "line": 162, "column": 20 }, "end": { "line": 162, "column": null } },
      "46": { "start": { "line": 163, "column": 21 }, "end": { "line": 163, "column": null } },
      "47": { "start": { "line": 164, "column": 23 }, "end": { "line": 164, "column": null } },
      "48": { "start": { "line": 165, "column": 2 }, "end": { "line": 169, "column": null } },
      "49": { "start": { "line": 174, "column": 2 }, "end": { "line": 174, "column": null } },
      "50": { "start": { "line": 179, "column": 2 }, "end": { "line": 179, "column": null } },
      "51": { "start": { "line": 180, "column": 2 }, "end": { "line": 180, "column": null } },
      "52": { "start": { "line": 181, "column": 2 }, "end": { "line": 183, "column": null } },
      "53": { "start": { "line": 182, "column": 4 }, "end": { "line": 182, "column": null } },
      "54": { "start": { "line": 184, "column": 2 }, "end": { "line": 184, "column": null } },
      "55": { "start": { "line": 189, "column": 2 }, "end": { "line": 189, "column": null } },
      "56": { "start": { "line": 194, "column": 26 }, "end": { "line": 194, "column": null } },
      "57": { "start": { "line": 195, "column": 2 }, "end": { "line": 195, "column": null } },
      "58": { "start": { "line": 200, "column": 26 }, "end": { "line": 200, "column": null } },
      "59": { "start": { "line": 201, "column": 2 }, "end": { "line": 201, "column": null } }
    },
    "fnMap": {
      "0": {
        "name": "constructor",
        "decl": { "start": { "line": 27, "column": 2 }, "end": { "line": 27, "column": 14 } },
        "loc": { "start": { "line": 27, "column": 52 }, "end": { "line": 31, "column": null } },
        "line": 27
      },
      "1": {
        "name": "pad",
        "decl": { "start": { "line": 51, "column": 9 }, "end": { "line": 51, "column": 13 } },
        "loc": { "start": { "line": 51, "column": 51 }, "end": { "line": 53, "column": null } },
        "line": 51
      },
      "2": {
        "name": "formatDate",
        "decl": { "start": { "line": 56, "column": 16 }, "end": { "line": 56, "column": 27 } },
        "loc": { "start": { "line": 56, "column": 59 }, "end": { "line": 62, "column": null } },
        "line": 56
      },
      "3": {
        "name": "parseDate",
        "decl": { "start": { "line": 71, "column": 16 }, "end": { "line": 71, "column": 26 } },
        "loc": { "start": { "line": 71, "column": 69 }, "end": { "line": 95, "column": null } },
        "line": 71
      },
      "4": {
        "name": "isDateString",
        "decl": { "start": { "line": 98, "column": 16 }, "end": { "line": 98, "column": 29 } },
        "loc": { "start": { "line": 98, "column": 66 }, "end": { "line": 108, "column": null } },
        "line": 98
      },
      "5": {
        "name": "isLeapYear",
        "decl": { "start": { "line": 111, "column": 16 }, "end": { "line": 111, "column": 27 } },
        "loc": { "start": { "line": 111, "column": 50 }, "end": { "line": 113, "column": null } },
        "line": 111
      },
      "6": {
        "name": "daysInMonth",
        "decl": { "start": { "line": 116, "column": 16 }, "end": { "line": 116, "column": 28 } },
        "loc": { "start": { "line": 116, "column": 65 }, "end": { "line": 124, "column": null } },
        "line": 116
      },
      "7": {
        "name": "toEpochDay",
        "decl": { "start": { "line": 127, "column": 9 }, "end": { "line": 127, "column": 20 } },
        "loc": { "start": { "line": 127, "column": 46 }, "end": { "line": 130, "column": null } },
        "line": 127
      },
      "8": {
        "name": "fromEpochDay",
        "decl": { "start": { "line": 132, "column": 9 }, "end": { "line": 132, "column": 22 } },
        "loc": { "start": { "line": 132, "column": 52 }, "end": { "line": 139, "column": null } },
        "line": 132
      },
      "9": {
        "name": "addDays",
        "decl": { "start": { "line": 142, "column": 16 }, "end": { "line": 142, "column": 24 } },
        "loc": { "start": { "line": 142, "column": 68 }, "end": { "line": 147, "column": null } },
        "line": 142
      },
      "10": {
        "name": "addMonths",
        "decl": { "start": { "line": 157, "column": 16 }, "end": { "line": 157, "column": 26 } },
        "loc": { "start": { "line": 157, "column": 72 }, "end": { "line": 170, "column": null } },
        "line": 157
      },
      "11": {
        "name": "daysBetween",
        "decl": { "start": { "line": 173, "column": 16 }, "end": { "line": 173, "column": 28 } },
        "loc": { "start": { "line": 173, "column": 70 }, "end": { "line": 175, "column": null } },
        "line": 173
      },
      "12": {
        "name": "compareDates",
        "decl": { "start": { "line": 178, "column": 16 }, "end": { "line": 178, "column": 29 } },
        "loc": { "start": { "line": 178, "column": 71 }, "end": { "line": 185, "column": null } },
        "line": 178
      },
      "13": {
        "name": "isWithin",
        "decl": { "start": { "line": 188, "column": 16 }, "end": { "line": 188, "column": 25 } },
        "loc": { "start": { "line": 188, "column": 88 }, "end": { "line": 190, "column": null } },
        "line": 188
      },
      "14": {
        "name": "startOfMonth",
        "decl": { "start": { "line": 193, "column": 16 }, "end": { "line": 193, "column": 29 } },
        "loc": { "start": { "line": 193, "column": 59 }, "end": { "line": 196, "column": null } },
        "line": 193
      },
      "15": {
        "name": "endOfMonth",
        "decl": { "start": { "line": 199, "column": 16 }, "end": { "line": 199, "column": 27 } },
        "loc": { "start": { "line": 199, "column": 57 }, "end": { "line": 202, "column": null } },
        "line": 199
      }
    },
    "branchMap": {
      "0": {
        "loc": { "start": { "line": 71, "column": 40 }, "end": { "line": 71, "column": 69 } },
        "type": "default-arg",
        "locations": [
          { "start": { "line": 71, "column": 47 }, "end": { "line": 71, "column": 69 } }
        ],
        "line": 71
      },
      "1": {
        "loc": { "start": { "line": 73, "column": 2 }, "end": { "line": 78, "column": null } },
        "type": "if",
        "locations": [
          { "start": { "line": 73, "column": 2 }, "end": { "line": 78, "column": null } },
          { "start": {}, "end": {} }
        ],
        "line": 73
      },
      "2": {
        "loc": { "start": { "line": 84, "column": 2 }, "end": { "line": 86, "column": null } },
        "type": "if",
        "locations": [
          { "start": { "line": 84, "column": 2 }, "end": { "line": 86, "column": null } },
          { "start": {}, "end": {} }
        ],
        "line": 84
      },
      "3": {
        "loc": { "start": { "line": 84, "column": 6 }, "end": { "line": 84, "column": 42 } },
        "type": "binary-expr",
        "locations": [
          { "start": { "line": 84, "column": 6 }, "end": { "line": 84, "column": 25 } },
          { "start": { "line": 84, "column": 25 }, "end": { "line": 84, "column": 42 } }
        ],
        "line": 84
      },
      "4": {
        "loc": { "start": { "line": 87, "column": 2 }, "end": { "line": 89, "column": null } },
        "type": "if",
        "locations": [
          { "start": { "line": 87, "column": 2 }, "end": { "line": 89, "column": null } },
          { "start": {}, "end": {} }
        ],
        "line": 87
      },
      "5": {
        "loc": { "start": { "line": 87, "column": 6 }, "end": { "line": 87, "column": 31 } },
        "type": "binary-expr",
        "locations": [
          { "start": { "line": 87, "column": 6 }, "end": { "line": 87, "column": 19 } },
          { "start": { "line": 87, "column": 19 }, "end": { "line": 87, "column": 31 } }
        ],
        "line": 87
      },
      "6": {
        "loc": { "start": { "line": 90, "column": 2 }, "end": { "line": 92, "column": null } },
        "type": "if",
        "locations": [
          { "start": { "line": 90, "column": 2 }, "end": { "line": 92, "column": null } },
          { "start": {}, "end": {} }
        ],
        "line": 90
      },
      "7": {
        "loc": { "start": { "line": 90, "column": 6 }, "end": { "line": 90, "column": 49 } },
        "type": "binary-expr",
        "locations": [
          { "start": { "line": 90, "column": 6 }, "end": { "line": 90, "column": 17 } },
          { "start": { "line": 90, "column": 17 }, "end": { "line": 90, "column": 49 } }
        ],
        "line": 90
      },
      "8": {
        "loc": { "start": { "line": 99, "column": 2 }, "end": { "line": 101, "column": null } },
        "type": "if",
        "locations": [
          { "start": { "line": 99, "column": 2 }, "end": { "line": 101, "column": null } },
          { "start": {}, "end": {} }
        ],
        "line": 99
      },
      "9": {
        "loc": { "start": { "line": 112, "column": 10 }, "end": { "line": 112, "column": null } },
        "type": "binary-expr",
        "locations": [
          { "start": { "line": 112, "column": 10 }, "end": { "line": 112, "column": 28 } },
          { "start": { "line": 112, "column": 28 }, "end": { "line": 112, "column": 49 } },
          { "start": { "line": 112, "column": 49 }, "end": { "line": 112, "column": null } }
        ],
        "line": 112
      },
      "10": {
        "loc": { "start": { "line": 117, "column": 2 }, "end": { "line": 119, "column": null } },
        "type": "if",
        "locations": [
          { "start": { "line": 117, "column": 2 }, "end": { "line": 119, "column": null } },
          { "start": {}, "end": {} }
        ],
        "line": 117
      },
      "11": {
        "loc": { "start": { "line": 117, "column": 6 }, "end": { "line": 117, "column": 31 } },
        "type": "binary-expr",
        "locations": [
          { "start": { "line": 117, "column": 6 }, "end": { "line": 117, "column": 19 } },
          { "start": { "line": 117, "column": 19 }, "end": { "line": 117, "column": 31 } }
        ],
        "line": 117
      },
      "12": {
        "loc": { "start": { "line": 120, "column": 2 }, "end": { "line": 122, "column": null } },
        "type": "if",
        "locations": [
          { "start": { "line": 120, "column": 2 }, "end": { "line": 122, "column": null } },
          { "start": {}, "end": {} }
        ],
        "line": 120
      },
      "13": {
        "loc": { "start": { "line": 121, "column": 11 }, "end": { "line": 121, "column": null } },
        "type": "cond-expr",
        "locations": [
          { "start": { "line": 121, "column": 30 }, "end": { "line": 121, "column": 35 } },
          { "start": { "line": 121, "column": 35 }, "end": { "line": 121, "column": null } }
        ],
        "line": 121
      },
      "14": {
        "loc": { "start": { "line": 123, "column": 9 }, "end": { "line": 123, "column": null } },
        "type": "cond-expr",
        "locations": [
          { "start": { "line": 123, "column": 69 }, "end": { "line": 123, "column": 74 } },
          { "start": { "line": 123, "column": 74 }, "end": { "line": 123, "column": null } }
        ],
        "line": 123
      },
      "15": {
        "loc": { "start": { "line": 123, "column": 9 }, "end": { "line": 123, "column": 69 } },
        "type": "binary-expr",
        "locations": [
          { "start": { "line": 123, "column": 9 }, "end": { "line": 123, "column": 24 } },
          { "start": { "line": 123, "column": 24 }, "end": { "line": 123, "column": 39 } },
          { "start": { "line": 123, "column": 39 }, "end": { "line": 123, "column": 54 } },
          { "start": { "line": 123, "column": 54 }, "end": { "line": 123, "column": 69 } }
        ],
        "line": 123
      },
      "16": {
        "loc": { "start": { "line": 143, "column": 2 }, "end": { "line": 145, "column": null } },
        "type": "if",
        "locations": [
          { "start": { "line": 143, "column": 2 }, "end": { "line": 145, "column": null } },
          { "start": {}, "end": {} }
        ],
        "line": 143
      },
      "17": {
        "loc": { "start": { "line": 158, "column": 2 }, "end": { "line": 160, "column": null } },
        "type": "if",
        "locations": [
          { "start": { "line": 158, "column": 2 }, "end": { "line": 160, "column": null } },
          { "start": {}, "end": {} }
        ],
        "line": 158
      },
      "18": {
        "loc": { "start": { "line": 181, "column": 2 }, "end": { "line": 183, "column": null } },
        "type": "if",
        "locations": [
          { "start": { "line": 181, "column": 2 }, "end": { "line": 183, "column": null } },
          { "start": {}, "end": {} }
        ],
        "line": 181
      },
      "19": {
        "loc": { "start": { "line": 184, "column": 9 }, "end": { "line": 184, "column": null } },
        "type": "cond-expr",
        "locations": [
          { "start": { "line": 184, "column": 17 }, "end": { "line": 184, "column": 21 } },
          { "start": { "line": 184, "column": 21 }, "end": { "line": 184, "column": null } }
        ],
        "line": 184
      },
      "20": {
        "loc": { "start": { "line": 189, "column": 9 }, "end": { "line": 189, "column": null } },
        "type": "binary-expr",
        "locations": [
          { "start": { "line": 189, "column": 9 }, "end": { "line": 189, "column": 43 } },
          { "start": { "line": 189, "column": 43 }, "end": { "line": 189, "column": null } }
        ],
        "line": 189
      }
    },
    "s": {
      "0": 78,
      "1": 78,
      "2": 78,
      "3": 6,
      "4": 6,
      "5": 6,
      "6": 9051,
      "7": 3017,
      "8": 3017,
      "9": 3017,
      "10": 6780,
      "11": 6780,
      "12": 18,
      "13": 6762,
      "14": 6762,
      "15": 6762,
      "16": 6762,
      "17": 2,
      "18": 6760,
      "19": 6,
      "20": 6754,
      "21": 16,
      "22": 6738,
      "23": 355,
      "24": 2,
      "25": 353,
      "26": 353,
      "27": 353,
      "28": 18,
      "29": 479,
      "30": 7410,
      "31": 2,
      "32": 7408,
      "33": 471,
      "34": 6937,
      "35": 2055,
      "36": 2055,
      "37": 2017,
      "38": 2017,
      "39": 2018,
      "40": 1,
      "41": 2017,
      "42": 646,
      "43": 1,
      "44": 645,
      "45": 645,
      "46": 645,
      "47": 645,
      "48": 645,
      "49": 19,
      "50": 177,
      "51": 177,
      "52": 177,
      "53": 23,
      "54": 152,
      "55": 35,
      "56": 4,
      "57": 4,
      "58": 4,
      "59": 4
    },
    "f": {
      "0": 78,
      "1": 9051,
      "2": 3017,
      "3": 6780,
      "4": 355,
      "5": 479,
      "6": 7410,
      "7": 2055,
      "8": 2017,
      "9": 2018,
      "10": 646,
      "11": 19,
      "12": 177,
      "13": 35,
      "14": 4,
      "15": 4
    },
    "b": {
      "0": [6780],
      "1": [18, 6762],
      "2": [2, 6760],
      "3": [6762, 6760],
      "4": [6, 6754],
      "5": [6760, 6758],
      "6": [16, 6738],
      "7": [6754, 6752],
      "8": [2, 353],
      "9": [479, 366, 124],
      "10": [2, 7408],
      "11": [7410, 7409],
      "12": [471, 6937],
      "13": [357, 114],
      "14": [2580, 4357],
      "15": [6937, 5610, 5145, 4740],
      "16": [1, 2017],
      "17": [1, 645],
      "18": [23, 154],
      "19": [124, 28],
      "20": [35, 29]
    },
    "meta": {
      "lastBranch": 21,
      "lastFunction": 16,
      "lastStatement": 60,
      "seen": {
        "f:27:2:27:14": 0,
        "s:28:4:28:Infinity": 0,
        "s:29:4:29:Infinity": 1,
        "s:30:4:30:Infinity": 2,
        "s:46:28:46:Infinity": 3,
        "s:48:17:48:Infinity": 4,
        "s:49:17:49:Infinity": 5,
        "f:51:9:51:13": 1,
        "s:52:2:52:Infinity": 6,
        "f:56:16:56:27": 2,
        "s:57:15:57:Infinity": 7,
        "s:60:2:60:Infinity": 8,
        "s:61:2:61:Infinity": 9,
        "f:71:16:71:26": 3,
        "b:71:47:71:69": 0,
        "s:72:16:72:Infinity": 10,
        "b:73:2:78:Infinity:undefined:undefined:undefined:undefined": 1,
        "s:73:2:78:Infinity": 11,
        "s:74:4:77:Infinity": 12,
        "s:80:15:80:Infinity": 13,
        "s:81:16:81:Infinity": 14,
        "s:82:14:82:Infinity": 15,
        "b:84:2:86:Infinity:undefined:undefined:undefined:undefined": 2,
        "s:84:2:86:Infinity": 16,
        "b:84:6:84:25:84:25:84:42": 3,
        "s:85:4:85:Infinity": 17,
        "b:87:2:89:Infinity:undefined:undefined:undefined:undefined": 4,
        "s:87:2:89:Infinity": 18,
        "b:87:6:87:19:87:19:87:31": 5,
        "s:88:4:88:Infinity": 19,
        "b:90:2:92:Infinity:undefined:undefined:undefined:undefined": 6,
        "s:90:2:92:Infinity": 20,
        "b:90:6:90:17:90:17:90:49": 7,
        "s:91:4:91:Infinity": 21,
        "s:94:2:94:Infinity": 22,
        "f:98:16:98:29": 4,
        "b:99:2:101:Infinity:undefined:undefined:undefined:undefined": 8,
        "s:99:2:101:Infinity": 23,
        "s:100:4:100:Infinity": 24,
        "s:102:2:107:Infinity": 25,
        "s:103:4:103:Infinity": 26,
        "s:104:4:104:Infinity": 27,
        "s:106:4:106:Infinity": 28,
        "f:111:16:111:27": 5,
        "s:112:2:112:Infinity": 29,
        "b:112:10:112:28:112:28:112:49:112:49:112:Infinity": 9,
        "f:116:16:116:28": 6,
        "b:117:2:119:Infinity:undefined:undefined:undefined:undefined": 10,
        "s:117:2:119:Infinity": 30,
        "b:117:6:117:19:117:19:117:31": 11,
        "s:118:4:118:Infinity": 31,
        "b:120:2:122:Infinity:undefined:undefined:undefined:undefined": 12,
        "s:120:2:122:Infinity": 32,
        "s:121:4:121:Infinity": 33,
        "b:121:30:121:35:121:35:121:Infinity": 13,
        "s:123:2:123:Infinity": 34,
        "b:123:69:123:74:123:74:123:Infinity": 14,
        "b:123:9:123:24:123:24:123:39:123:39:123:54:123:54:123:69": 15,
        "f:127:9:127:20": 7,
        "s:128:31:128:Infinity": 35,
        "s:129:2:129:Infinity": 36,
        "f:132:9:132:22": 8,
        "s:133:17:133:Infinity": 37,
        "s:134:2:138:Infinity": 38,
        "f:142:16:142:24": 9,
        "b:143:2:145:Infinity:undefined:undefined:undefined:undefined": 16,
        "s:143:2:145:Infinity": 39,
        "s:144:4:144:Infinity": 40,
        "s:146:2:146:Infinity": 41,
        "f:157:16:157:26": 10,
        "b:158:2:160:Infinity:undefined:undefined:undefined:undefined": 17,
        "s:158:2:160:Infinity": 42,
        "s:159:4:159:Infinity": 43,
        "s:161:31:161:Infinity": 44,
        "s:162:20:162:Infinity": 45,
        "s:163:21:163:Infinity": 46,
        "s:164:23:164:Infinity": 47,
        "s:165:2:169:Infinity": 48,
        "f:173:16:173:28": 11,
        "s:174:2:174:Infinity": 49,
        "f:178:16:178:29": 12,
        "s:179:2:179:Infinity": 50,
        "s:180:2:180:Infinity": 51,
        "b:181:2:183:Infinity:undefined:undefined:undefined:undefined": 18,
        "s:181:2:183:Infinity": 52,
        "s:182:4:182:Infinity": 53,
        "s:184:2:184:Infinity": 54,
        "b:184:17:184:21:184:21:184:Infinity": 19,
        "f:188:16:188:25": 13,
        "s:189:2:189:Infinity": 55,
        "b:189:9:189:43:189:43:189:Infinity": 20,
        "f:193:16:193:29": 14,
        "s:194:26:194:Infinity": 56,
        "s:195:2:195:Infinity": 57,
        "f:199:16:199:27": 15,
        "s:200:26:200:Infinity": 58,
        "s:201:2:201:Infinity": 59
      },
      "fnNames": {}
    }
  },
  "C:\\Users\\abina\\Desktop\\Local-ERP\\coffer\\src\\main\\domain\\time\\fiscal-year.ts": {
    "path": "C:\\Users\\abina\\Desktop\\Local-ERP\\coffer\\src\\main\\domain\\time\\fiscal-year.ts",
    "statementMap": {
      "0": { "start": { "line": 81, "column": 28 }, "end": { "line": 94, "column": null } },
      "1": { "start": { "line": 104, "column": 22 }, "end": { "line": 104, "column": null } },
      "2": { "start": { "line": 121, "column": 32 }, "end": { "line": 121, "column": null } },
      "3": { "start": { "line": 122, "column": 2 }, "end": { "line": 124, "column": null } },
      "4": { "start": { "line": 123, "column": 4 }, "end": { "line": 123, "column": null } },
      "5": { "start": { "line": 125, "column": 2 }, "end": { "line": 125, "column": null } },
      "6": { "start": { "line": 130, "column": 19 }, "end": { "line": 130, "column": null } },
      "7": { "start": { "line": 132, "column": 2 }, "end": { "line": 134, "column": null } },
      "8": { "start": { "line": 133, "column": 4 }, "end": { "line": 133, "column": null } },
      "9": { "start": { "line": 135, "column": 2 }, "end": { "line": 140, "column": null } },
      "10": { "start": { "line": 136, "column": 4 }, "end": { "line": 139, "column": null } },
      "11": { "start": { "line": 141, "column": 2 }, "end": { "line": 146, "column": null } },
      "12": { "start": { "line": 142, "column": 4 }, "end": { "line": 145, "column": null } },
      "13": { "start": { "line": 149, "column": 4 }, "end": { "line": 149, "column": null } },
      "14": { "start": { "line": 149, "column": 42 }, "end": { "line": 149, "column": null } },
      "15": { "start": { "line": 151, "column": 2 }, "end": { "line": 156, "column": null } },
      "16": { "start": { "line": 160, "column": 44 }, "end": { "line": 163, "column": null } },
      "17": { "start": { "line": 166, "column": 49 }, "end": { "line": 169, "column": null } },
      "18": { "start": { "line": 173, "column": 2 }, "end": { "line": 175, "column": null } },
      "19": { "start": { "line": 174, "column": 4 }, "end": { "line": 174, "column": null } },
      "20": { "start": { "line": 176, "column": 2 }, "end": { "line": 176, "column": null } },
      "21": { "start": { "line": 186, "column": 2 }, "end": { "line": 186, "column": null } },
      "22": { "start": { "line": 191, "column": 27 }, "end": { "line": 191, "column": null } },
      "23": { "start": { "line": 192, "column": 22 }, "end": { "line": 192, "column": null } },
      "24": { "start": { "line": 193, "column": 2 }, "end": { "line": 193, "column": null } },
      "25": { "start": { "line": 198, "column": 2 }, "end": { "line": 204, "column": null } },
      "26": { "start": { "line": 209, "column": 2 }, "end": { "line": 209, "column": null } },
      "27": { "start": { "line": 214, "column": 2 }, "end": { "line": 214, "column": null } },
      "28": { "start": { "line": 219, "column": 2 }, "end": { "line": 219, "column": null } },
      "29": { "start": { "line": 223, "column": 2 }, "end": { "line": 223, "column": null } },
      "30": { "start": { "line": 232, "column": 2 }, "end": { "line": 234, "column": null } },
[...]
      "159": 0,
      "160": 43,
      "161": 10,
      "162": 11,
      "163": 6,
      "164": 6,
      "165": 0,
      "166": 0,
      "167": 6,
      "168": 5,
      "169": 5,
      "170": 1,
      "171": 1,
      "172": 1,
      "173": 1,
      "174": 1,
      "175": 1,
      "176": 1,
      "177": 188,
      "178": 92,
      "179": 92,
      "180": 92,
      "181": 7,
      "182": 7,
      "183": 92,
      "184": 85,
      "185": 280,
      "186": 280,
      "187": 280,
      "188": 280,
      "189": 280,
      "190": 280,
      "191": 1655,
      "192": 1655,
      "193": 280,
      "194": 864,
      "195": 2519,
      "196": 767,
      "197": 767,
      "198": 767,
      "199": 767,
      "200": 767,
      "201": 767,
      "202": 767,
      "203": 45,
      "204": 45,
      "205": 267,
      "206": 45,
      "207": 9,
      "208": 9,
      "209": 9,
      "210": 9,
      "211": 229,
      "212": 0,
      "213": 229,
      "214": 85,
      "215": 85,
      "216": 85,
      "217": 0,
      "218": 85,
      "219": 628,
      "220": 188,
      "221": 12,
      "222": 20,
      "223": 44,
      "224": 44,
      "225": 1,
      "226": 43,
      "227": 49,
      "228": 49,
      "229": 2,
      "230": 1132,
      "231": 3,
      "232": 1129,
      "233": 1131,
      "234": 432,
      "235": 1,
      "236": 431,
      "237": 0,
      "238": 431,
      "239": 359,
      "240": 1,
      "241": 358,
      "242": 1801,
      "243": 0,
      "244": 1801,
      "245": 1801,
      "246": 5,
      "247": 1796,
      "248": 356,
      "249": 12,
      "250": 344,
      "251": 344,
      "252": 353,
      "253": 353,
      "254": 353,
      "255": 353,
      "256": 353,
      "257": 0,
      "258": 353,
      "259": 2,
      "260": 351,
      "261": 351,
      "262": 351
    },
    "f": {
      "0": 125,
      "1": 123,
      "2": 608,
      "3": 70,
      "4": 50,
      "5": 68,
      "6": 384,
      "7": 47,
      "8": 16,
      "9": 17,
      "10": 16,
      "11": 93,
      "12": 4,
      "13": 8,
      "14": 24,
      "15": 20,
      "16": 18,
      "17": 108,
      "18": 5,
      "19": 8,
      "20": 1,
      "21": 6,
      "22": 6,
      "23": 94,
      "24": 564,
      "25": 94,
      "26": 78,
      "27": 359,
      "28": 342,
      "29": 44,
      "30": 57,
      "31": 0,
      "32": 44,
      "33": 10,
      "34": 11,
      "35": 5,
      "36": 1,
      "37": 188,
      "38": 92,
      "39": 280,
      "40": 280,
      "41": 864,
      "42": 2519,
      "43": 767,
      "44": 767,
      "45": 45,
      "46": 267,
      "47": 9,
      "48": 229,
      "49": 85,
      "50": 85,
      "51": 628,
      "52": 188,
      "53": 12,
      "54": 20,
      "55": 44,
      "56": 49,
      "57": 1132,
      "58": 1131,
      "59": 432,
      "60": 359,
      "61": 1801,
      "62": 356,
      "63": 353
    },
    "b": {
      "0": [125],
      "1": [125, 1],
      "2": [125, 2],
      "3": [125, 121],
      "4": [19, 50],
      "5": [4, 46],
      "6": [0, 68],
      "7": [28, 160],
      "8": [113, 47],
      "9": [1, 46],
      "10": [49, 9],
      "11": [8, 1],
      "12": [3, 13],
      "13": [16, 77],
      "14": [4],
      "15": [4, 0],
      "16": [108, 90],
      "17": [5, 3],
      "18": [8, 5, 5],
      "19": [14, 550],
      "20": [49, 29],
      "21": [1, 77],
      "22": [0, 72],
      "23": [72, 72],
      "24": [1, 71],
      "25": [1, 0],
      "26": [1, 70],
      "27": [71, 69, 68],
      "28": [1, 358],
      "29": [1, 356],
      "30": [357, 291],
      "31": [342, 13],
      "32": [1, 358],
      "33": [1, 353],
      "34": [354, 64],
      "35": [2, 66],
      "36": [44],
      "37": [1, 43],
      "38": [7, 85],
      "39": [88, 1567],
      "40": [1655, 1567],
      "41": [45, 222],
      "42": [0, 229],
      "43": [0, 85],
      "44": [85, 85],
      "45": [3, 1129],
      "46": [1132, 1131, 1130],
      "47": [1131, 0],
      "48": [1131, 1131],
      "49": [1, 431],
      "50": [432, 432],
      "51": [0, 431],
      "52": [1, 358],
      "53": [359, 359],
      "54": [0, 1801],
      "55": [5, 1796],
      "56": [1801, 1796],
      "57": [12, 344],
      "58": [0, 353],
      "59": [353, 353, 353, 353],
      "60": [2, 351],
      "61": [353, 352]
    },
    "meta": {
      "lastBranch": 62,
      "lastFunction": 64,
      "lastStatement": 263,
      "seen": {
        "s:85:28:85:Infinity": 0,
        "s:88:29:88:Infinity": 1,
        "s:99:59:99:Infinity": 2,
        "s:102:18:102:Infinity": 3,
        "s:105:23:105:Infinity": 4,
        "s:108:34:108:Infinity": 5,
        "f:199:22:199:Infinity": 0,
        "b:201:32:201:Infinity": 0,
        "s:203:2:203:Infinity": 6,
        "s:204:24:204:Infinity": 7,
        "b:204:24:204:51:204:51:204:Infinity": 1,
        "s:205:22:205:Infinity": 8,
        "b:205:22:205:47:205:47:205:Infinity": 2,
        "s:206:2:206:Infinity": 9,
        "s:207:2:207:Infinity": 10,
        "s:209:20:209:Infinity": 11,
        "b:209:20:209:49:209:49:209:Infinity": 3,
        "s:210:8:210:Infinity": 12,
        "s:211:20:211:Infinity": 13,
        "s:213:2:245:Infinity": 14,
        "s:214:29:224:Infinity": 15,
        "f:220:18:220:24": 1,
        "s:220:24:220:Infinity": 16,
        "s:226:10:226:Infinity": 17,
        "s:227:4:239:Infinity": 18,
        "s:228:6:238:Infinity": 19,
        "f:234:20:234:26": 2,
        "s:234:20:234:Infinity": 20,
        "s:241:4:241:Infinity": 21,
        "s:243:4:243:Infinity": 22,
        "s:244:4:244:Infinity": 23,
        "f:259:22:259:43": 3,
        "s:260:2:260:Infinity": 24,
        "s:261:15:261:Infinity": 25,
        "s:262:17:262:Infinity": 26,
        "s:263:2:280:Infinity": 27,
        "s:264:20:267:Infinity": 28,
        "f:266:11:266:12": 4,
        "s:266:21:266:Infinity": 29,
        "b:268:4:273:Infinity:undefined:undefined:undefined:undefined": 4,
        "s:268:4:273:Infinity": 30,
        "s:269:6:272:Infinity": 31,
        "b:274:4:276:Infinity:undefined:undefined:undefined:undefined": 5,
        "s:274:4:276:Infinity": 32,
        "s:275:6:275:Infinity": 33,
        "s:277:4:277:Infinity": 34,
        "s:279:4:279:Infinity": 35,
        "f:293:22:293:45": 5,
        "s:294:8:294:Infinity": 36,
        "s:295:2:343:Infinity": 37,
        "s:296:26:296:Infinity": 38,
        "f:296:45:296:46": 6,
        "s:296:55:296:79": 39,
        "b:297:4:299:Infinity:undefined:undefined:undefined:undefined": 6,
        "s:297:4:299:Infinity": 40,
        "s:298:6:298:Infinity": 41,
        "s:301:4:322:Infinity": 42,
        "b:302:6:304:Infinity:undefined:undefined:undefined:undefined": 7,
        "s:302:6:304:Infinity": 43,
        "s:303:8:303:Infinity": 44,
        "s:305:22:308:Infinity": 45,
        "f:307:13:307:14": 7,
        "s:307:23:307:Infinity": 46,
        "b:309:6:311:Infinity:undefined:undefined:undefined:undefined": 8,
        "s:309:6:311:Infinity": 47,
        "s:310:8:310:Infinity": 48,
        "b:312:6:314:Infinity:undefined:undefined:undefined:undefined": 9,
        "s:312:6:314:Infinity": 49,
        "s:313:8:313:Infinity": 50,
        "s:315:18:315:Infinity": 51,
        "s:316:6:321:Infinity": 52,
        "s:317:8:317:Infinity": 53,
        "s:319:8:319:Infinity": 54,
        "s:320:8:320:Infinity": 55,
        "s:325:4:335:Infinity": 56,
        "b:326:6:328:Infinity:undefined:undefined:undefined:undefined": 10,
        "s:326:6:328:Infinity": 57,
        "s:327:8:327:Infinity": 58,
        "b:329:6:334:Infinity:undefined:undefined:undefined:undefined": 11,
        "s:329:6:334:Infinity": 59,
        "s:330:8:333:Infinity": 60,
        "s:337:4:340:Infinity": 61,
        "s:342:4:342:Infinity": 62,
        "f:358:22:358:Infinity": 8,
        "s:363:2:363:Infinity": 63,
        "s:364:14:364:Infinity": 64,
        "s:365:2:369:Infinity": 65,
        "s:366:4:366:Infinity": 66,
        "s:368:4:368:Infinity": 67,
        "f:378:22:378:Infinity": 9,
        "s:383:2:383:Infinity": 68,
        "s:384:19:384:Infinity": 69,
        "s:385:22:393:Infinity": 70,
        "b:389:64:389:79:389:79:389:Infinity": 12,
        "f:390:14:390:20": 10,
        "s:390:20:390:Infinity": 71,
        "s:394:16:394:Infinity": 72,
        "f:394:32:394:33": 11,
        "s:394:43:394:88": 73,
        "b:394:69:394:83:394:83:394:88": 13,
        "s:395:2:395:Infinity": 74,
        "f:405:22:405:Infinity": 12,
        "b:408:18:408:Infinity": 14,
        "s:410:19:410:Infinity": 75,
        "f:410:36:410:37": 13,
        "s:410:46:410:70": 76,
        "s:411:14:411:Infinity": 77,
        "b:411:14:411:31:411:31:411:Infinity": 15,
        "s:412:20:412:Infinity": 78,
        "s:413:8:413:Infinity": 79,
        "s:414:27:414:Infinity": 80,
        "f:414:46:414:47": 14,
        "s:414:56:414:80": 81,
        "s:415:2:427:Infinity": 82,
        "s:416:4:426:Infinity": 83,
        "f:422:18:422:24": 15,
        "s:422:18:422:Infinity": 84,
        "s:428:2:431:Infinity": 85,
        "f:439:16:439:39": 16,
        "s:440:2:440:Infinity": 86,
        "f:440:28:440:29": 17,
        "s:440:38:440:87": 87,
        "b:440:38:440:66:440:66:440:87": 16,
        "f:448:16:448:32": 18,
        "s:449:2:456:Infinity": 88,
        "f:449:26:449:27": 19,
        "s:450:19:450:Infinity": 89,
        "b:450:48:450:65:450:65:450:Infinity": 17,
        "s:451:4:454:Infinity": 90,
        "b:452:6:452:Infinity:453:6:453:Infinity:454:6:454:Infinity": 18,
        "f:460:16:460:30": 20,
        "s:461:24:461:Infinity": 91,
        "f:461:43:461:44": 21,
        "s:461:53:461:77": 92,
        "s:462:2:475:Infinity": 93,
        "f:469:27:469:28": 22,
        "s:469:38:474:6": 94,
        "f:501:16:501:32": 23,
        "s:502:2:529:Infinity": 95,
        "f:507:27:507:28": 24,
        "s:507:38:528:6": 96,
        "b:520:12:520:Infinity:521:12:525:Infinity": 19,
        "f:533:16:533:31": 25,
        "s:534:2:534:Infinity": 97,
        "f:551:16:551:27": 26,
        "s:552:14:552:Infinity": 98,
        "b:552:42:552:61:552:61:552:Infinity": 20,
        "s:553:19:553:Infinity": 99,
        "b:555:2:557:Infinity:undefined:undefined:undefined:undefined": 21,
        "s:555:2:557:Infinity": 100,
        "s:556:4:556:Infinity": 101,
        "s:559:18:559:Infinity": 102,
        "b:560:2:562:Infinity:undefined:undefined:undefined:undefined": 22,
        "s:560:2:562:Infinity": 103,
        "b:560:6:560:26:560:26:560:39": 23,
        "s:561:4:561:Infinity": 104,
        "b:563:2:570:Infinity:undefined:undefined:undefined:undefined": 24,
        "s:563:2:570:Infinity": 105,
        "s:564:4:569:Infinity": 106,
        "b:567:10:567:Infinity:568:10:568:Infinity": 25,
        "s:572:20:572:Infinity": 107,
        "s:573:14:573:Infinity": 108,
        "s:575:19:575:Infinity": 109,
        "b:576:2:578:Infinity:undefined:undefined:undefined:undefined": 26,
        "s:576:2:578:Infinity": 110,
        "b:576:6:576:34:576:34:576:59:576:59:576:88": 27,
        "s:577:4:577:Infinity": 111,
        "s:580:15:580:Infinity": 112,
        "s:581:27:613:Infinity": 113,
        "f:581:40:581:41": 27,
        "s:582:17:582:Infinity": 114,
        "s:583:15:583:Infinity": 115,
        "b:584:4:586:Infinity:undefined:undefined:undefined:undefined": 28,
        "s:584:4:586:Infinity": 116,
        "s:585:6:585:Infinity": 117,
        "s:587:4:587:Infinity": 118,
        "s:589:17:589:Infinity": 119,
        "b:590:4:592:Infinity:undefined:undefined:undefined:undefined": 29,
        "s:590:4:592:Infinity": 120,
        "b:590:8:590:33:590:33:590:54": 30,
        "s:591:6:591:Infinity": 121,
        "s:594:20:594:Infinity": 122,
        "s:595:19:595:Infinity": 123,
        "b:595:45:595:52:595:52:595:Infinity": 31,
        "b:596:4:598:Infinity:undefined:undefined:undefined:undefined": 32,
        "s:596:4:598:Infinity": 124,
        "s:597:6:597:Infinity": 125,
        "b:599:4:601:Infinity:undefined:undefined:undefined:undefined": 33,
        "s:599:4:601:Infinity": 126,
        "b:599:8:599:33:599:33:599:51": 34,
        "s:600:6:600:Infinity": 127,
        "s:603:4:612:Infinity": 128,
        "b:615:2:617:Infinity:undefined:undefined:undefined:undefined": 35,
        "s:615:2:617:Infinity": 129,
        "f:615:19:615:20": 28,
        "s:615:29:615:55": 130,
        "s:616:4:616:Infinity": 131,
        "s:619:2:619:Infinity": 132,
        "f:631:22:631:36": 29,
        "s:633:2:642:Infinity": 133,
        "s:634:19:634:Infinity": 134,
        "s:635:4:639:Infinity": 135,
        "s:636:6:636:Infinity": 136,
        "s:638:6:638:Infinity": 137,
        "s:641:4:641:Infinity": 138,
        "s:643:2:643:Infinity": 139,
        "f:660:22:660:37": 30,
        "s:661:18:661:Infinity": 140,
        "s:662:24:662:Infinity": 141,
        "s:663:2:676:Infinity": 142,
        "s:664:4:664:Infinity": 143,
        "s:665:19:665:Infinity": 144,
        "s:666:4:671:Infinity": 145,
        "s:667:6:667:Infinity": 146,
        "s:668:6:668:Infinity": 147,
        "s:670:6:670:Infinity": 148,
        "s:672:4:672:Infinity": 149,
        "s:674:4:674:Infinity": 150,
        "f:674:51:674:57": 31,
        "s:674:57:674:66": 151,
        "s:675:4:675:Infinity": 152,
        "f:688:22:688:Infinity": 32,
        "b:691:32:691:Infinity": 36,
        "b:693:2:695:Infinity:undefined:undefined:undefined:undefined": 37,
        "s:693:2:695:Infinity": 153,
        "s:694:4:694:Infinity": 154,
        "s:696:40:696:Infinity": 155,
        "s:697:2:702:Infinity": 156,
        "s:698:4:698:Infinity": 157,
        "s:700:4:700:Infinity": 158,
        "s:701:4:701:Infinity": 159,
        "s:703:2:703:Infinity": 160,
        "f:707:22:707:38": 33,
        "s:708:2:708:Infinity": 161,
        "f:718:22:718:Infinity": 34,
        "s:722:17:722:Infinity": 162,
        "s:723:2:728:Infinity": 163,
        "s:724:4:724:Infinity": 164,
        "s:726:4:726:Infinity": 165,
        "s:727:4:727:Infinity": 166,
        "s:729:2:729:Infinity": 167,
        "f:733:22:733:Infinity": 35,
        "s:738:16:738:Infinity": 168,
        "s:739:2:739:Infinity": 169,
        "f:746:22:746:Infinity": 36,
        "s:750:16:750:Infinity": 170,
        "s:751:14:751:Infinity": 171,
        "s:752:2:758:Infinity": 172,
        "s:753:21:753:Infinity": 173,
        "s:754:4:754:Infinity": 174,
        "s:755:4:755:Infinity": 175,
        "s:757:4:757:Infinity": 176,
        "f:772:9:772:14": 37,
        "s:773:2:779:Infinity": 177,
        "f:788:9:788:24": 38,
        "s:789:19:789:Infinity": 178,
        "s:790:2:797:Infinity": 179,
        "b:791:4:794:Infinity:undefined:undefined:undefined:undefined": 38,
        "s:791:4:794:Infinity": 180,
        "s:792:6:792:Infinity": 181,
        "s:793:6:793:Infinity": 182,
        "s:796:4:796:Infinity": 183,
        "s:798:2:798:Infinity": 184,
        "f:801:9:801:20": 39,
        "s:802:8:802:Infinity": 185,
        "s:803:2:807:Infinity": 186,
        "s:804:4:804:Infinity": 187,
        "s:806:4:806:Infinity": 188,
        "f:818:9:818:24": 40,
        "s:819:26:823:Infinity": 189,
        "s:824:2:845:Infinity": 190,
        "s:826:6:832:Infinity": 191,
        "b:827:10:827:Infinity:828:10:832:Infinity": 39,
        "s:833:4:844:Infinity": 192,
        "b:842:18:842:33:842:33:842:36": 40,
        "s:846:2:846:Infinity": 193,
        "f:853:9:853:Infinity": 41,
        "s:858:2:867:Infinity": 194,
        "f:870:9:870:18": 42,
        "s:871:2:871:Infinity": 195,
        "f:874:15:874:25": 43,
        "s:883:17:883:Infinity": 196,
        "s:884:17:884:Infinity": 197,
        "s:885:2:900:Infinity": 198,
        "s:886:21:889:Infinity": 199,
        "f:888:11:888:12": 44,
        "s:888:21:888:Infinity": 200,
        "s:890:4:897:Infinity": 201,
        "s:899:4:899:Infinity": 202,
        "f:904:9:904:19": 45,
        "s:905:18:905:Infinity": 203,
        "s:906:16:908:Infinity": 204,
        "f:906:32:906:33": 46,
        "s:907:4:907:Infinity": 205,
        "b:907:25:907:71:907:71:907:Infinity": 41,
        "s:909:2:909:Infinity": 206,
        "f:913:15:913:27": 47,
        "s:914:28:914:Infinity": 207,
        "s:915:2:919:Infinity": 208,
        "s:916:4:916:Infinity": 209,
        "s:918:4:918:Infinity": 210,
        "f:922:9:922:20": 48,
        "b:923:2:925:Infinity:undefined:undefined:undefined:undefined": 42,
        "s:923:2:925:Infinity": 211,
        "s:924:4:924:Infinity": 212,
        "s:926:2:926:Infinity": 213,
        "f:929:9:929:24": 49,
        "s:930:15:930:Infinity": 214,
        "f:930:32:930:33": 50,
        "s:930:47:930:78": 215,
        "b:931:2:933:Infinity:undefined:undefined:undefined:undefined": 43,
        "s:931:2:933:Infinity": 216,
        "b:931:6:931:28:931:28:931:51": 44,
        "s:932:4:932:Infinity": 217,
        "s:934:2:934:Infinity": 218,
        "f:937:9:937:24": 51,
        "s:938:2:938:Infinity": 219,
        "f:941:9:941:26": 52,
        "s:942:2:942:Infinity": 220,
        "f:945:9:945:35": 53,
        "s:946:2:949:Infinity": 221,
        "f:952:9:952:19": 54,
        "s:953:2:953:Infinity": 222,
        "f:956:15:956:22": 55,
        "s:957:2:962:Infinity": 223,
        "s:958:4:958:Infinity": 224,
        "s:959:4:959:Infinity": 225,
        "s:961:4:961:Infinity": 226,
        "f:967:9:967:19": 56,
        "s:968:2:972:Infinity": 227,
        "s:969:4:969:Infinity": 228,
        "s:971:4:971:Infinity": 229,
        "f:975:9:975:18": 57,
        "b:976:2:978:Infinity:undefined:undefined:undefined:undefined": 45,
        "s:976:2:978:Infinity": 230,
        "b:976:6:976:35:976:35:976:53:976:53:976:75": 46,
        "s:977:4:977:Infinity": 231,
        "s:979:2:979:Infinity": 232,
        "f:982:9:982:19": 58,
        "s:983:2:983:Infinity": 233,
        "b:983:64:983:72:983:72:983:Infinity": 47,
        "b:983:9:983:38:983:38:983:64": 48,
        "f:986:9:986:21": 59,
        "b:987:2:989:Infinity:undefined:undefined:undefined:undefined": 49,
        "s:987:2:989:Infinity": 234,
        "b:987:6:987:35:987:35:987:80": 50,
        "s:988:4:988:Infinity": 235,
        "b:990:2:992:Infinity:undefined:undefined:undefined:undefined": 51,
        "s:990:2:992:Infinity": 236,
        "s:991:4:991:Infinity": 237,
        "s:993:2:993:Infinity": 238,
        "f:996:9:996:18": 60,
        "b:997:2:999:Infinity:undefined:undefined:undefined:undefined": 52,
        "s:997:2:999:Infinity": 239,
        "b:997:6:997:35:997:35:997:77": 53,
        "s:998:4:998:Infinity": 240,
        "s:1000:2:1000:Infinity": 241,
        "f:1010:9:1010:18": 61,
        "b:1011:2:1013:Infinity:undefined:undefined:undefined:undefined": 54,
        "s:1011:2:1013:Infinity": 242,
        "s:1012:4:1012:Infinity": 243,
        "s:1014:18:1014:Infinity": 244,
        "b:1015:2:1017:Infinity:undefined:undefined:undefined:undefined": 55,
        "s:1015:2:1017:Infinity": 245,
        "b:1015:6:1015:42:1015:42:1015:80": 56,
        "s:1016:4:1016:Infinity": 246,
        "s:1018:2:1018:Infinity": 247,
        "f:1021:9:1021:19": 62,
        "b:1022:2:1024:Infinity:undefined:undefined:undefined:undefined": 57,
        "s:1022:2:1024:Infinity": 248,
        "s:1023:4:1023:Infinity": 249,
        "s:1025:17:1025:Infinity": 250,
        "s:1026:2:1030:Infinity": 251,
        "f:1033:9:1033:21": 63,
        "s:1034:17:1034:Infinity": 252,
        "s:1035:21:1035:Infinity": 253,
        "s:1036:19:1036:Infinity": 254,
        "s:1037:22:1037:Infinity": 255,
        "b:1038:2:1045:Infinity:undefined:undefined:undefined:undefined": 58,
        "s:1038:2:1045:Infinity": 256,
        "b:1039:4:1039:Infinity:1040:4:1040:Infinity:1041:4:1041:Infinity:1042:4:1042:Infinity": 59,
        "s:1044:4:1044:Infinity": 257,
        "b:1048:2:1053:Infinity:undefined:undefined:undefined:undefined": 60,
        "s:1048:2:1053:Infinity": 258,
        "b:1048:6:1048:38:1048:38:1048:68": 61,
        "s:1049:4:1052:Infinity": 259,
        "s:1054:31:1054:Infinity": 260,
        "s:1055:2:1055:Infinity": 261,
        "s:1056:2:1056:Infinity": 262
      },
      "fnNames": {}
    }
  }
}
